#
# There is insufficient memory for the Java Runtime Environment to continue.
# Native memory allocation (mmap) failed to map 131596288 bytes for committing reserved memory.
# Possible reasons:
#   The system is out of physical RAM or swap space
#   The process is running with CompressedOops enabled, and the Java Heap may be blocking the growth of the native heap
# Possible solutions:
#   Reduce memory load on the system
#   Increase physical memory or swap space
#   Check if swap backing store is full
#   Decrease Java heap size (-Xmx/-Xms)
#   Decrease number of Java threads
#   Decrease Java thread stack sizes (-Xss)
#   Set larger code cache with -XX:ReservedCodeCacheSize=
#   JVM is running with Unscaled Compressed Oops mode in which the Java heap is
#     placed in the first 4GB address space. The Java Heap base address is the
#     maximum limit for the native heap growth. Please use -XX:HeapBaseMinAddress
#     to set the Java Heap base and to place the Java Heap above 4GB virtual address.
# This output file may be truncated or incomplete.
#
#  Out of Memory Error (os_linux.cpp:2753), pid=14309, tid=0x00007f765c904700
#
# JRE version: OpenJDK Runtime Environment (8.0_212) (build 1.8.0_212-release-1586-b4-5784211)
# Java VM: OpenJDK 64-Bit Server VM (25.212-b4-5784211 mixed mode linux-amd64 compressed oops)
# Failed to write core dump. Core dumps have been disabled. To enable core dumping, try "ulimit -c unlimited" before starting Java again
#

---------------  T H R E A D  ---------------

Current thread (0x00007f7658078800):  VMThread [stack: 0x00007f765c804000,0x00007f765c905000] [id=14318]

Stack: [0x00007f765c804000,0x00007f765c905000],  sp=0x00007f765c9034f0,  free space=1021k
Native frames: (J=compiled Java code, j=interpreted, Vv=VM code, C=native code)
V  [libjvm.so+0xa0b42d]  VMError::report_and_die()+0x15d
V  [libjvm.so+0x4d48ca]  report_vm_out_of_memory(char const*, int, unsigned long, VMErrorType, char const*)+0x8a
V  [libjvm.so+0x871e08]  os::pd_commit_memory(char*, unsigned long, unsigned long, bool)+0xd8
V  [libjvm.so+0x8696df]  os::commit_memory(char*, unsigned long, unsigned long, bool)+0x1f
V  [libjvm.so+0x8e36cb]  PSVirtualSpace::expand_by(unsigned long)+0x5b
V  [libjvm.so+0x8e4320]  PSYoungGen::resize_generation(unsigned long, unsigned long)+0xb0
V  [libjvm.so+0x8e463b]  PSYoungGen::resize(unsigned long, unsigned long)+0x1b
V  [libjvm.so+0x8e0d4c]  PSScavenge::invoke_no_policy()+0xdac
V  [libjvm.so+0x8e1528]  PSScavenge::invoke()+0x38
V  [libjvm.so+0x895723]  ParallelScavengeHeap::failed_mem_allocate(unsigned long)+0x63
V  [libjvm.so+0xa0cf54]  VM_ParallelGCFailedAllocation::doit()+0x84
V  [libjvm.so+0xa113a7]  VM_Operation::evaluate()+0x47
V  [libjvm.so+0xa0fda8]  VMThread::evaluate_operation(VM_Operation*)+0x218
V  [libjvm.so+0xa10209]  VMThread::loop()+0x219
V  [libjvm.so+0xa10652]  VMThread::run()+0x72
V  [libjvm.so+0x86ef12]  java_start(Thread*)+0xf2

VM_Operation (0x00007f763854d2c0): ParallelGCFailedAllocation, mode: safepoint, requested by thread 0x00007f75f800c800


---------------  P R O C E S S  ---------------

Java Threads: ( => current thread )
  0x00007f75f4eb8000 JavaThread "Cache worker for execution history cache (/home/karan/.gradle/caches/5.6.4/executionHistory)" [_thread_blocked, id=14365, stack(0x00007f75d705f000,0x00007f75d7160000)]
  0x00007f75f4341000 JavaThread "Cache worker for cache directory md-rule (/home/karan/.gradle/caches/5.6.4/md-rule)" [_thread_blocked, id=14364, stack(0x00007f760c0d8000,0x00007f760c1d9000)]
  0x00007f75f44f0000 JavaThread "Cache worker for cache directory md-supplier (/home/karan/.gradle/caches/5.6.4/md-supplier)" [_thread_blocked, id=14363, stack(0x00007f760c45e000,0x00007f760c55f000)]
  0x00007f75f4957800 JavaThread "Cache worker for file hash cache (/home/karan/MVVM/AuthApp/.gradle/5.6.4/fileHashes)" [_thread_blocked, id=14360, stack(0x00007f760c6fa000,0x00007f760c7fb000)]
  0x00007f75f4008800 JavaThread "Thread-17" [_thread_blocked, id=14358, stack(0x00007f760cefe000,0x00007f760cfff000)]
  0x00007f75f4011800 JavaThread "Stdin handler" [_thread_blocked, id=14356, stack(0x00007f7638253000,0x00007f7638354000)]
  0x00007f75f4007000 JavaThread "Asynchronous log dispatcher for DefaultDaemonConnection: socket connection from /127.0.0.1:40151 to /127.0.0.1:53192" [_thread_blocked, id=14355, stack(0x00007f7638354000,0x00007f7638455000)]
  0x00007f75f800e800 JavaThread "Cancel handler" [_thread_blocked, id=14354, stack(0x00007f7638556000,0x00007f7638657000)]
  0x00007f75f8005800 JavaThread "Handler for socket connection from /127.0.0.1:40151 to /127.0.0.1:53192" [_thread_in_native, id=14353, stack(0x00007f7638657000,0x00007f7638758000)]
  0x00007f75f411b000 JavaThread "Cache worker for journal cache (/home/karan/.gradle/caches/journal-1)" [_thread_blocked, id=14343, stack(0x00007f760cbfb000,0x00007f760ccfc000)]
  0x00007f75f4118800 JavaThread "File lock request listener" [_thread_in_native, id=14342, stack(0x00007f760ccfc000,0x00007f760cdfd000)]
  0x00007f75f4112800 JavaThread "Cache worker for file hash cache (/home/karan/.gradle/caches/5.6.4/fileHashes)" [_thread_blocked, id=14341, stack(0x00007f760cdfd000,0x00007f760cefe000)]
  0x00007f75f800c800 JavaThread "Daemon worker" [_thread_blocked, id=14335, stack(0x00007f7638455000,0x00007f7638556000)]
  0x00007f760002b000 JavaThread "Daemon" [_thread_blocked, id=14331, stack(0x00007f7638758000,0x00007f7638859000)]
  0x00007f7658132000 JavaThread "Daemon periodic checks" [_thread_blocked, id=14330, stack(0x00007f7638859000,0x00007f763895a000)]
  0x00007f765855d800 JavaThread "Incoming local TCP Connector on port 40151" [_thread_in_native, id=14329, stack(0x00007f7638961000,0x00007f7638a62000)]
  0x00007f76580fb800 JavaThread "Daemon health stats" [_thread_blocked, id=14327, stack(0x00007f7638c66000,0x00007f7638d67000)]
  0x00007f76580ca800 JavaThread "Service Thread" daemon [_thread_blocked, id=14325, stack(0x00007f7648dfe000,0x00007f7648eff000)]
  0x00007f76580bd800 JavaThread "C1 CompilerThread2" daemon [_thread_blocked, id=14324, stack(0x00007f7648eff000,0x00007f7649000000)]
  0x00007f76580bb800 JavaThread "C2 CompilerThread1" daemon [_thread_blocked, id=14323, stack(0x00007f765c027000,0x00007f765c128000)]
  0x00007f76580b8800 JavaThread "C2 CompilerThread0" daemon [_thread_blocked, id=14322, stack(0x00007f765c128000,0x00007f765c229000)]
  0x00007f76580b7000 JavaThread "Signal Dispatcher" daemon [_thread_blocked, id=14321, stack(0x00007f765c229000,0x00007f765c32a000)]
  0x00007f7658084800 JavaThread "Finalizer" daemon [_thread_blocked, id=14320, stack(0x00007f765c602000,0x00007f765c703000)]
  0x00007f7658082000 JavaThread "Reference Handler" daemon [_thread_blocked, id=14319, stack(0x00007f765c703000,0x00007f765c804000)]
  0x00007f765800b000 JavaThread "main" [_thread_blocked, id=14313, stack(0x00007f76616b8000,0x00007f76617b9000)]

Other Threads:
=>0x00007f7658078800 VMThread [stack: 0x00007f765c804000,0x00007f765c905000] [id=14318]
  0x00007f76580cd000 WatcherThread [stack: 0x00007f7648cfd000,0x00007f7648dfe000] [id=14326]

VM state:at safepoint (normal execution)

VM Mutex/Monitor currently owned by a thread:  ([mutex/lock_event])
[0x00007f7658007110] Threads_lock - owner thread: 0x00007f7658078800
[0x00007f7658007610] Heap_lock - owner thread: 0x00007f75f800c800

heap address: 0x00000000a0000000, size: 1536 MB, Compressed Oops mode: 32-bit
Narrow klass base: 0x0000000000000000, Narrow klass shift: 3
Compressed class space size: 1073741824 Address: 0x0000000100000000

Heap:
 PSYoungGen      total 132096K, used 5110K [0x00000000e0000000, 0x00000000e8600000, 0x0000000100000000)
  eden space 126976K, 0% used [0x00000000e0000000,0x00000000e0000000,0x00000000e7c00000)
  from space 5120K, 99% used [0x00000000e7c00000,0x00000000e80fd9a0,0x00000000e8100000)
  to   space 5120K, 0% used [0x00000000e8100000,0x00000000e8100000,0x00000000e8600000)
 ParOldGen       total 71680K, used 19140K [0x00000000a0000000, 0x00000000a4600000, 0x00000000e0000000)
  object space 71680K, 26% used [0x00000000a0000000,0x00000000a12b13d8,0x00000000a4600000)
 Metaspace       used 31390K, capacity 32042K, committed 32256K, reserved 1077248K
  class space    used 4289K, capacity 4510K, committed 4608K, reserved 1048576K

Card table byte_map: [0x00007f765ec8e000,0x00007f765ef8f000] byte_map_base: 0x00007f765e78e000

Marking Bits: (ParMarkBitMap*) 0x00007f7660dad6e0
 Begin Bits: [0x00007f7639000000, 0x00007f763a800000)
 End Bits:   [0x00007f763a800000, 0x00007f763c000000)

Polling page: 0x00007f76617db000

CodeCache: size=245760Kb used=9166Kb max_used=9178Kb free=236593Kb
 bounds [0x00007f7649000000, 0x00007f7649900000, 0x00007f7658000000]
 total_blobs=3117 nmethods=2448 adapters=583
 compilation: enabled

Compilation events (10 events):
Event: 7.619 Thread 0x00007f76580bd800 2465       3       org.objectweb.asm.Label::put (83 bytes)
Event: 7.619 Thread 0x00007f76580bd800 nmethod 2465 0x00007f76498f7010 code [0x00007f76498f71e0, 0x00007f76498f75f8]
Event: 7.619 Thread 0x00007f76580bd800 2466       1       java.lang.reflect.Constructor::getSignature (5 bytes)
Event: 7.619 Thread 0x00007f76580bd800 nmethod 2466 0x00007f76498e3110 code [0x00007f76498e3260, 0x00007f76498e3370]
Event: 7.635 Thread 0x00007f76580bb800 nmethod 2455 0x00007f76498fa590 code [0x00007f76498fa6e0, 0x00007f76498fa838]
Event: 7.635 Thread 0x00007f76580bb800 2467       4       java.lang.String::lastIndexOf (151 bytes)
Event: 7.637 Thread 0x00007f76580b8800 nmethod 2454 0x00007f76498d0990 code [0x00007f76498d0ae0, 0x00007f76498d0b38]
Event: 7.637 Thread 0x00007f76580b8800 2460       4       java.util.Collections$UnmodifiableCollection$1::hasNext (10 bytes)
Event: 7.638 Thread 0x00007f76580b8800 nmethod 2460 0x00007f76498fa950 code [0x00007f76498faaa0, 0x00007f76498fab18]
Event: 7.640 Thread 0x00007f76580bb800 nmethod 2467 0x00007f76498f8a10 code [0x00007f76498f8b80, 0x00007f76498f8df8]

GC Heap History (10 events):
Event: 0.834 GC heap after
Heap after GC invocations=1 (full 0):
 PSYoungGen      total 36864K, used 4200K [0x00000000e0000000, 0x00000000e4800000, 0x0000000100000000)
  eden space 31744K, 0% used [0x00000000e0000000,0x00000000e0000000,0x00000000e1f00000)
  from space 5120K, 82% used [0x00000000e1f00000,0x00000000e231a298,0x00000000e2400000)
  to   space 5120K, 0% used [0x00000000e4300000,0x00000000e4300000,0x00000000e4800000)
 ParOldGen       total 84992K, used 8K [0x00000000a0000000, 0x00000000a5300000, 0x00000000e0000000)
  object space 84992K, 0% used [0x00000000a0000000,0x00000000a0002000,0x00000000a5300000)
 Metaspace       used 6880K, capacity 7120K, committed 7424K, reserved 1056768K
  class space    used 848K, capacity 908K, committed 1024K, reserved 1048576K
}
Event: 1.141 GC heap before
{Heap before GC invocations=2 (full 0):
 PSYoungGen      total 36864K, used 35944K [0x00000000e0000000, 0x00000000e4800000, 0x0000000100000000)
  eden space 31744K, 100% used [0x00000000e0000000,0x00000000e1f00000,0x00000000e1f00000)
  from space 5120K, 82% used [0x00000000e1f00000,0x00000000e231a298,0x00000000e2400000)
  to   space 5120K, 0% used [0x00000000e4300000,0x00000000e4300000,0x00000000e4800000)
 ParOldGen       total 84992K, used 8K [0x00000000a0000000, 0x00000000a5300000, 0x00000000e0000000)
  object space 84992K, 0% used [0x00000000a0000000,0x00000000a0002000,0x00000000a5300000)
 Metaspace       used 7962K, capacity 8202K, committed 8320K, reserved 1056768K
  class space    used 1019K, capacity 1077K, committed 1152K, reserved 1048576K
Event: 1.149 GC heap after
Heap after GC invocations=2 (full 0):
 PSYoungGen      total 68608K, used 4145K [0x00000000e0000000, 0x00000000e4800000, 0x0000000100000000)
  eden space 63488K, 0% used [0x00000000e0000000,0x00000000e0000000,0x00000000e3e00000)
  from space 5120K, 80% used [0x00000000e4300000,0x00000000e470c500,0x00000000e4800000)
  to   space 5120K, 0% used [0x00000000e3e00000,0x00000000e3e00000,0x00000000e4300000)
 ParOldGen       total 84992K, used 16K [0x00000000a0000000, 0x00000000a5300000, 0x00000000e0000000)
  object space 84992K, 0% used [0x00000000a0000000,0x00000000a0004000,0x00000000a5300000)
 Metaspace       used 7962K, capacity 8202K, committed 8320K, reserved 1056768K
  class space    used 1019K, capacity 1077K, committed 1152K, reserved 1048576K
}
Event: 2.142 GC heap before
{Heap before GC invocations=3 (full 0):
 PSYoungGen      total 68608K, used 67633K [0x00000000e0000000, 0x00000000e4800000, 0x0000000100000000)
  eden space 63488K, 100% used [0x00000000e0000000,0x00000000e3e00000,0x00000000e3e00000)
  from space 5120K, 80% used [0x00000000e4300000,0x00000000e470c500,0x00000000e4800000)
  to   space 5120K, 0% used [0x00000000e3e00000,0x00000000e3e00000,0x00000000e4300000)
 ParOldGen       total 84992K, used 16K [0x00000000a0000000, 0x00000000a5300000, 0x00000000e0000000)
  object space 84992K, 0% used [0x00000000a0000000,0x00000000a0004000,0x00000000a5300000)
 Metaspace       used 14526K, capacity 14948K, committed 15104K, reserved 1062912K
  class space    used 2055K, capacity 2192K, committed 2304K, reserved 1048576K
Event: 2.158 GC heap after
Heap after GC invocations=3 (full 0):
 PSYoungGen      total 68608K, used 5092K [0x00000000e0000000, 0x00000000e8600000, 0x0000000100000000)
  eden space 63488K, 0% used [0x00000000e0000000,0x00000000e0000000,0x00000000e3e00000)
  from space 5120K, 99% used [0x00000000e3e00000,0x00000000e42f90b0,0x00000000e4300000)
  to   space 5120K, 0% used [0x00000000e8100000,0x00000000e8100000,0x00000000e8600000)
 ParOldGen       total 84992K, used 4277K [0x00000000a0000000, 0x00000000a5300000, 0x00000000e0000000)
  object space 84992K, 5% used [0x00000000a0000000,0x00000000a042d498,0x00000000a5300000)
 Metaspace       used 14526K, capacity 14948K, committed 15104K, reserved 1062912K
  class space    used 2055K, capacity 2192K, committed 2304K, reserved 1048576K
}
Event: 3.450 GC heap before
{Heap before GC invocations=4 (full 0):
 PSYoungGen      total 68608K, used 65881K [0x00000000e0000000, 0x00000000e8600000, 0x0000000100000000)
  eden space 63488K, 95% used [0x00000000e0000000,0x00000000e3b5d590,0x00000000e3e00000)
  from space 5120K, 99% used [0x00000000e3e00000,0x00000000e42f90b0,0x00000000e4300000)
  to   space 5120K, 0% used [0x00000000e8100000,0x00000000e8100000,0x00000000e8600000)
 ParOldGen       total 84992K, used 4277K [0x00000000a0000000, 0x00000000a5300000, 0x00000000e0000000)
  object space 84992K, 5% used [0x00000000a0000000,0x00000000a042d498,0x00000000a5300000)
 Metaspace       used 20592K, capacity 21136K, committed 21296K, reserved 1067008K
  class space    used 2984K, capacity 3160K, committed 3200K, reserved 1048576K
Event: 3.480 GC heap after
Heap after GC invocations=4 (full 0):
 PSYoungGen      total 132096K, used 5096K [0x00000000e0000000, 0x00000000e8600000, 0x0000000100000000)
  eden space 126976K, 0% used [0x00000000e0000000,0x00000000e0000000,0x00000000e7c00000)
  from space 5120K, 99% used [0x00000000e8100000,0x00000000e85fa0d8,0x00000000e8600000)
  to   space 5120K, 0% used [0x00000000e7c00000,0x00000000e7c00000,0x00000000e8100000)
 ParOldGen       total 84992K, used 12035K [0x00000000a0000000, 0x00000000a5300000, 0x00000000e0000000)
  object space 84992K, 14% used [0x00000000a0000000,0x00000000a0bc0fc8,0x00000000a5300000)
 Metaspace       used 20592K, capacity 21136K, committed 21296K, reserved 1067008K
  class space    used 2984K, capacity 3160K, committed 3200K, reserved 1048576K
}
Event: 3.480 GC heap before
{Heap before GC invocations=5 (full 1):
 PSYoungGen      total 132096K, used 5096K [0x00000000e0000000, 0x00000000e8600000, 0x0000000100000000)
  eden space 126976K, 0% used [0x00000000e0000000,0x00000000e0000000,0x00000000e7c00000)
  from space 5120K, 99% used [0x00000000e8100000,0x00000000e85fa0d8,0x00000000e8600000)
  to   space 5120K, 0% used [0x00000000e7c00000,0x00000000e7c00000,0x00000000e8100000)
 ParOldGen       total 84992K, used 12035K [0x00000000a0000000, 0x00000000a5300000, 0x00000000e0000000)
  object space 84992K, 14% used [0x00000000a0000000,0x00000000a0bc0fc8,0x00000000a5300000)
 Metaspace       used 20592K, capacity 21136K, committed 21296K, reserved 1067008K
  class space    used 2984K, capacity 3160K, committed 3200K, reserved 1048576K
Event: 3.567 GC heap after
Heap after GC invocations=5 (full 1):
 PSYoungGen      total 132096K, used 0K [0x00000000e0000000, 0x00000000e8600000, 0x0000000100000000)
  eden space 126976K, 0% used [0x00000000e0000000,0x00000000e0000000,0x00000000e7c00000)
  from space 5120K, 0% used [0x00000000e8100000,0x00000000e8100000,0x00000000e8600000)
  to   space 5120K, 0% used [0x00000000e7c00000,0x00000000e7c00000,0x00000000e8100000)
 ParOldGen       total 71680K, used 12505K [0x00000000a0000000, 0x00000000a4600000, 0x00000000e0000000)
  object space 71680K, 17% used [0x00000000a0000000,0x00000000a0c36768,0x00000000a4600000)
 Metaspace       used 20592K, capacity 21136K, committed 21296K, reserved 1067008K
  class space    used 2984K, capacity 3160K, committed 3200K, reserved 1048576K
}
Event: 7.712 GC heap before
{Heap before GC invocations=6 (full 1):
 PSYoungGen      total 132096K, used 126976K [0x00000000e0000000, 0x00000000e8600000, 0x0000000100000000)
  eden space 126976K, 100% used [0x00000000e0000000,0x00000000e7c00000,0x00000000e7c00000)
  from space 5120K, 0% used [0x00000000e8100000,0x00000000e8100000,0x00000000e8600000)
  to   space 5120K, 0% used [0x00000000e7c00000,0x00000000e7c00000,0x00000000e8100000)
 ParOldGen       total 71680K, used 12505K [0x00000000a0000000, 0x00000000a4600000, 0x00000000e0000000)
  object space 71680K, 17% used [0x00000000a0000000,0x00000000a0c36768,0x00000000a4600000)
 Metaspace       used 31390K, capacity 32042K, committed 32256K, reserved 1077248K
  class space    used 4289K, capacity 4510K, committed 4608K, reserved 1048576K

Deoptimization events (10 events):
Event: 4.923 Thread 0x00007f75f800c800 Uncommon trap: reason=class_check action=maybe_recompile pc=0x00007f764914d8a8 method=java.lang.String.equals(Ljava/lang/Object;)Z @ 8
Event: 4.923 Thread 0x00007f75f800c800 Uncommon trap: reason=class_check action=maybe_recompile pc=0x00007f764914d8a8 method=java.lang.String.equals(Ljava/lang/Object;)Z @ 8
Event: 4.923 Thread 0x00007f75f800c800 Uncommon trap: reason=class_check action=maybe_recompile pc=0x00007f764914d8a8 method=java.lang.String.equals(Ljava/lang/Object;)Z @ 8
Event: 4.924 Thread 0x00007f75f800c800 Uncommon trap: reason=class_check action=maybe_recompile pc=0x00007f764914d8a8 method=java.lang.String.equals(Ljava/lang/Object;)Z @ 8
Event: 6.666 Thread 0x00007f75f800c800 Uncommon trap: reason=class_check action=maybe_recompile pc=0x00007f7649596f84 method=sun.misc.URLClassPath.getLoader(I)Lsun/misc/URLClassPath$Loader; @ 94
Event: 6.673 Thread 0x00007f75f800c800 Uncommon trap: reason=unstable_if action=reinterpret pc=0x00007f76496cec24 method=java.lang.ClassLoader.getClassLoadingLock(Ljava/lang/String;)Ljava/lang/Object; @ 6
Event: 6.683 Thread 0x00007f75f800c800 Uncommon trap: reason=class_check action=maybe_recompile pc=0x00007f764959f760 method=sun.misc.URLClassPath.getLoader(I)Lsun/misc/URLClassPath$Loader; @ 239
Event: 6.867 Thread 0x00007f75f800c800 Uncommon trap: reason=unstable_if action=reinterpret pc=0x00007f764927b204 method=java.io.UnixFileSystem.resolve(Ljava/lang/String;Ljava/lang/String;)Ljava/lang/String; @ 18
Event: 7.556 Thread 0x00007f75f800c800 Uncommon trap: reason=class_check action=maybe_recompile pc=0x00007f76498d1aa0 method=sun.reflect.generics.reflectiveObjects.TypeVariableImpl.getGenericDeclaration()Ljava/lang/reflect/GenericDeclaration; @ 4
Event: 7.557 Thread 0x00007f75f800c800 Uncommon trap: reason=class_check action=maybe_recompile pc=0x00007f76498d1aa0 method=sun.reflect.generics.reflectiveObjects.TypeVariableImpl.getGenericDeclaration()Ljava/lang/reflect/GenericDeclaration; @ 4

Classes redefined (0 events):
No events

Internal exceptions (10 events):
Event: 7.001 Thread 0x00007f75f800c800 Exception <a 'java/lang/ClassNotFoundException': org/gradle/api/internal/DefaultNamedDomainObjectCollectionBeanInfo> (0x00000000e5b3a1b0) thrown at [/buildbot/src/googleplex-android/openjdk/out/hotspot/src/share/vm/classfile/systemDictionary.cpp, line 210
Event: 7.002 Thread 0x00007f75f800c800 Exception <a 'java/lang/ClassNotFoundException': org/gradle/api/internal/DefaultDomainObjectCollectionBeanInfo> (0x00000000e5b6e1e8) thrown at [/buildbot/src/googleplex-android/openjdk/out/hotspot/src/share/vm/classfile/systemDictionary.cpp, line 210]
Event: 7.003 Thread 0x00007f75f800c800 Exception <a 'java/lang/ClassNotFoundException': java/util/AbstractCollectionBeanInfo> (0x00000000e5b72940) thrown at [/buildbot/src/googleplex-android/openjdk/out/hotspot/src/share/vm/classfile/systemDictionary.cpp, line 210]
Event: 7.003 Thread 0x00007f75f800c800 Exception <a 'java/lang/ClassNotFoundException': java/util/AbstractCollectionCustomizer> (0x00000000e5b770a8) thrown at [/buildbot/src/googleplex-android/openjdk/out/hotspot/src/share/vm/classfile/systemDictionary.cpp, line 210]
Event: 7.017 Thread 0x00007f75f800c800 Exception <a 'java/lang/ClassNotFoundException': org/gradle/api/internal/DefaultDomainObjectCollectionCustomizer> (0x00000000e5bb6618) thrown at [/buildbot/src/googleplex-android/openjdk/out/hotspot/src/share/vm/classfile/systemDictionary.cpp, line 210]
Event: 7.023 Thread 0x00007f75f800c800 Exception <a 'java/lang/ClassNotFoundException': org/gradle/api/internal/DefaultNamedDomainObjectCollectionCustomizer> (0x00000000e5c14580) thrown at [/buildbot/src/googleplex-android/openjdk/out/hotspot/src/share/vm/classfile/systemDictionary.cpp, line 2
Event: 7.040 Thread 0x00007f75f800c800 Exception <a 'java/lang/ClassNotFoundException': org/gradle/api/internal/DefaultNamedDomainObjectListCustomizer> (0x00000000e5c87fa8) thrown at [/buildbot/src/googleplex-android/openjdk/out/hotspot/src/share/vm/classfile/systemDictionary.cpp, line 210]
Event: 7.049 Thread 0x00007f75f800c800 Exception <a 'java/lang/ClassNotFoundException': org/gradle/api/internal/artifacts/DefaultArtifactRepositoryContainerCustomizer> (0x00000000e5cfd800) thrown at [/buildbot/src/googleplex-android/openjdk/out/hotspot/src/share/vm/classfile/systemDictionary.c
Event: 7.052 Thread 0x00007f75f800c800 Exception <a 'java/lang/ClassNotFoundException': org/gradle/api/internal/artifacts/dsl/DefaultRepositoryHandlerCustomizer> (0x00000000e5d63530) thrown at [/buildbot/src/googleplex-android/openjdk/out/hotspot/src/share/vm/classfile/systemDictionary.cpp, li
Event: 7.055 Thread 0x00007f75f800c800 Exception <a 'java/lang/ClassNotFoundException': org/gradle/api/internal/artifacts/dsl/DefaultRepositoryHandler_DecoratedCustomizer> (0x00000000e5ddf840) thrown at [/buildbot/src/googleplex-android/openjdk/out/hotspot/src/share/vm/classfile/systemDictiona

Events (10 events):
Event: 7.643 loading class org/gradle/api/internal/artifacts/configurations/MutationValidator done
Event: 7.644 loading class org/gradle/internal/component/local/model/DefaultLocalComponentMetadata
Event: 7.644 loading class org/gradle/internal/component/local/model/DefaultLocalComponentMetadata done
Event: 7.647 loading class org/gradle/internal/component/local/model/RootLocalComponentMetadata
Event: 7.647 loading class org/gradle/internal/component/local/model/RootLocalComponentMetadata done
Event: 7.650 loading class org/gradle/api/internal/artifacts/ivyservice/moduleconverter/DefaultRootComponentMetadataBuilder$MetadataHolder
Event: 7.650 loading class org/gradle/api/internal/artifacts/ivyservice/moduleconverter/DefaultRootComponentMetadataBuilder$MetadataHolder done
Event: 7.651 loading class org/gradle/api/internal/artifacts/configurations/DefaultConfiguration
Event: 7.651 loading class org/gradle/api/internal/artifacts/configurations/DefaultConfiguration done
Event: 7.665 Executing VM operation: ParallelGCFailedAllocation


Dynamic libraries:
00400000-00401000 r-xp 00000000 08:02 25822074                           /home/karan/android-studio/jre/bin/java
00401000-00402000 r--p 00000000 08:02 25822074                           /home/karan/android-studio/jre/bin/java
00402000-00403000 rw-p 00001000 08:02 25822074                           /home/karan/android-studio/jre/bin/java
013d1000-013f2000 rw-p 00000000 00:00 0                                  [heap]
a0000000-a4600000 rw-p 00000000 00:00 0 
a4600000-e0000000 ---p 00000000 00:00 0 
e0000000-e8600000 rw-p 00000000 00:00 0 
f0380000-100000000 ---p 00000000 00:00 0 
100000000-100480000 rw-p 00000000 00:00 0 
100480000-140000000 ---p 00000000 00:00 0 
7f75c4000000-7f75c4021000 rw-p 00000000 00:00 0 
7f75c4021000-7f75c8000000 ---p 00000000 00:00 0 
7f75c8000000-7f75c8021000 rw-p 00000000 00:00 0 
7f75c8021000-7f75cc000000 ---p 00000000 00:00 0 
7f75cc000000-7f75cc021000 rw-p 00000000 00:00 0 
7f75cc021000-7f75d0000000 ---p 00000000 00:00 0 
7f75d0000000-7f75d0021000 rw-p 00000000 00:00 0 
7f75d0021000-7f75d4000000 ---p 00000000 00:00 0 
7f75d705f000-7f75d7062000 ---p 00000000 00:00 0 
7f75d7062000-7f75d7260000 rw-p 00000000 00:00 0 
7f75d7260000-7f75d7360000 ---p 00000000 00:00 0 
7f75d7360000-7f75d7560000 rw-p 00000000 00:00 0 
7f75d7560000-7f75d7760000 rw-p 00000000 00:00 0 
7f75d7760000-7f75d7960000 rw-p 00000000 00:00 0 
7f75d7960000-7f75d7b60000 rw-p 00000000 00:00 0 
7f75d7b60000-7f75d7d49000 r--s 0363f000 08:02 26740008                   /home/karan/.gradle/caches/jars-3/13e8ddfc4b51bbe806031724d17bcc41/android.jar
7f75d7d49000-7f75d8000000 r--s 01c2b000 08:02 26739020                   /home/karan/.gradle/caches/jars-3/e22071f0f647bfca187dcad0e9b116ad/gradle-api-impldep-5.2.1-sp1.jar
7f75d8000000-7f75d8021000 rw-p 00000000 00:00 0 
7f75d8021000-7f75dc000000 ---p 00000000 00:00 0 
7f75dc000000-7f75dc021000 rw-p 00000000 00:00 0 
7f75dc021000-7f75e0000000 ---p 00000000 00:00 0 
7f75e0000000-7f75e0021000 rw-p 00000000 00:00 0 
7f75e0021000-7f75e4000000 ---p 00000000 00:00 0 
7f75e4000000-7f75e40e9000 rw-p 00000000 00:00 0 
7f75e40e9000-7f75e8000000 ---p 00000000 00:00 0 
7f75e8000000-7f75e82c2000 rw-p 00000000 00:00 0 
7f75e82c2000-7f75ec000000 ---p 00000000 00:00 0 
7f75ec000000-7f75ec021000 rw-p 00000000 00:00 0 
7f75ec021000-7f75f0000000 ---p 00000000 00:00 0 
7f75f0000000-7f75f0021000 rw-p 00000000 00:00 0 
7f75f0021000-7f75f4000000 ---p 00000000 00:00 0 
7f75f4000000-7f75f5573000 rw-p 00000000 00:00 0 
7f75f5573000-7f75f8000000 ---p 00000000 00:00 0 
7f75f8000000-7f75f8021000 rw-p 00000000 00:00 0 
7f75f8021000-7f75fc000000 ---p 00000000 00:00 0 
7f75fc000000-7f75fc021000 rw-p 00000000 00:00 0 
7f75fc021000-7f7600000000 ---p 00000000 00:00 0 
7f7600000000-7f7600067000 rw-p 00000000 00:00 0 
7f7600067000-7f7604000000 ---p 00000000 00:00 0 
7f7604000000-7f7604021000 rw-p 00000000 00:00 0 
7f7604021000-7f7608000000 ---p 00000000 00:00 0 
7f7608000000-7f7608021000 rw-p 00000000 00:00 0 
7f7608021000-7f760c000000 ---p 00000000 00:00 0 
7f760c0d8000-7f760c0db000 ---p 00000000 00:00 0 
7f760c0db000-7f760c3d9000 rw-p 00000000 00:00 0 
7f760c3d9000-7f760c453000 r--s 01104000 08:02 25822071                   /home/karan/android-studio/jre/lib/tools.jar
7f760c45e000-7f760c461000 ---p 00000000 00:00 0 
7f760c461000-7f760c55f000 rw-p 00000000 00:00 0 
7f760c55f000-7f760c591000 r--s 0026a000 08:02 655395                     /home/karan/.gradle/caches/jars-3/1292525a786f20744e75964100cf9267/guava-25.1-jre.jar
7f760c591000-7f760c6fa000 r--s 00c5e000 08:02 26738728                   /home/karan/.gradle/caches/jars-3/e7cf29ee4e9099e5a486424dcaa09cdf/gradle-api-5.2.1-sp1.jar
7f760c6fa000-7f760c6fd000 ---p 00000000 00:00 0 
7f760c6fd000-7f760c9fb000 rw-p 00000000 00:00 0 
7f760c9fb000-7f760cbfb000 rw-p 00000000 00:00 0 
7f760cbfb000-7f760cbfe000 ---p 00000000 00:00 0 
7f760cbfe000-7f760ccfc000 rw-p 00000000 00:00 0 
7f760ccfc000-7f760ccff000 ---p 00000000 00:00 0 
7f760ccff000-7f760cdfd000 rw-p 00000000 00:00 0 
7f760cdfd000-7f760ce00000 ---p 00000000 00:00 0 
7f760ce00000-7f760cefe000 rw-p 00000000 00:00 0 
7f760cefe000-7f760cf01000 ---p 00000000 00:00 0 
7f760cf01000-7f7610000000 rw-p 00000000 00:00 0 
7f7610000000-7f7610021000 rw-p 00000000 00:00 0 
7f7610021000-7f7614000000 ---p 00000000 00:00 0 
7f7614000000-7f7614021000 rw-p 00000000 00:00 0 
7f7614021000-7f7618000000 ---p 00000000 00:00 0 
7f7618000000-7f76199dd000 rw-p 00000000 00:00 0 
7f76199dd000-7f761c000000 ---p 00000000 00:00 0 
7f761c000000-7f761caca000 rw-p 00000000 00:00 0 
7f761caca000-7f7620000000 ---p 00000000 00:00 0 
7f7620000000-7f7620021000 rw-p 00000000 00:00 0 
7f7620021000-7f7624000000 ---p 00000000 00:00 0 
7f7624000000-7f7625c88000 rw-p 00000000 00:00 0 
7f7625c88000-7f7628000000 ---p 00000000 00:00 0 
7f7628000000-7f7628021000 rw-p 00000000 00:00 0 
7f7628021000-7f762c000000 ---p 00000000 00:00 0 
7f762c000000-7f762c021000 rw-p 00000000 00:00 0 
7f762c021000-7f7630000000 ---p 00000000 00:00 0 
7f7630000000-7f76302c5000 rw-p 00000000 00:00 0 
7f76302c5000-7f7634000000 ---p 00000000 00:00 0 
7f7634000000-7f7634021000 rw-p 00000000 00:00 0 
7f7634021000-7f7638000000 ---p 00000000 00:00 0 
7f763802a000-7f7638052000 r--s 02904000 08:02 26740010                   /home/karan/.gradle/caches/jars-3/3ad2ee300d71aa3a8e4efc092995377d/sdk-tools.jar
7f7638052000-7f7638053000 r--s 00002000 08:02 26739134                   /home/karan/.gradle/caches/jars-3/262eec8adbf26d48104d135858a3a488/gradle-toolingLoaderRt.jar
7f7638053000-7f7638253000 rw-p 00000000 00:00 0 
7f7638253000-7f7638256000 ---p 00000000 00:00 0 
7f7638256000-7f7638354000 rw-p 00000000 00:00 0 
7f7638354000-7f7638357000 ---p 00000000 00:00 0 
7f7638357000-7f7638455000 rw-p 00000000 00:00 0 
7f7638455000-7f7638458000 ---p 00000000 00:00 0 
7f7638458000-7f7638556000 rw-p 00000000 00:00 0 
7f7638556000-7f7638559000 ---p 00000000 00:00 0 
7f7638559000-7f7638657000 rw-p 00000000 00:00 0 
7f7638657000-7f763865a000 ---p 00000000 00:00 0 
7f763865a000-7f7638758000 rw-p 00000000 00:00 0 
7f7638758000-7f763875b000 ---p 00000000 00:00 0 
7f763875b000-7f7638859000 rw-p 00000000 00:00 0 
7f7638859000-7f763885c000 ---p 00000000 00:00 0 
7f763885c000-7f763895a000 rw-p 00000000 00:00 0 
7f763895a000-7f7638961000 r--s 00000000 08:02 14029142                   /usr/lib/x86_64-linux-gnu/gconv/gconv-modules.cache
7f7638961000-7f7638964000 ---p 00000000 00:00 0 
7f7638964000-7f7638a62000 rw-p 00000000 00:00 0 
7f7638a62000-7f7638a66000 r--s 000a1000 08:02 25823072                   /home/karan/android-studio/jre/jre/lib/jsse.jar
7f7638a66000-7f7638c66000 rw-p 00000000 00:00 0 
7f7638c66000-7f7638c69000 ---p 00000000 00:00 0 
7f7638c69000-7f7638d67000 rw-p 00000000 00:00 0 
7f7638d67000-7f7638d6f000 r-xp 00000000 08:02 25822211                   /home/karan/android-studio/jre/jre/lib/amd64/libmanagement.so
7f7638d6f000-7f7638d70000 r--p 00007000 08:02 25822211                   /home/karan/android-studio/jre/jre/lib/amd64/libmanagement.so
7f7638d70000-7f7638d71000 rw-p 00008000 08:02 25822211                   /home/karan/android-studio/jre/jre/lib/amd64/libmanagement.so
7f7638d71000-7f7638d73000 r--s 0000f000 08:02 6424712                    /home/karan/.gradle/wrapper/dists/gradle-5.6.4-all/ankdp27end7byghfw1q2sw75f/gradle-5.6.4/lib/plugins/gradle-tooling-api-builders-5.6.4.jar
7f7638d73000-7f7638d74000 r--s 00005000 08:02 6424732                    /home/karan/.gradle/wrapper/dists/gradle-5.6.4-all/ankdp27end7byghfw1q2sw75f/gradle-5.6.4/lib/plugins/gradle-build-profile-5.6.4.jar
7f7638d74000-7f7638d76000 r--s 00003000 08:02 6424689                    /home/karan/.gradle/wrapper/dists/gradle-5.6.4-all/ankdp27end7byghfw1q2sw75f/gradle-5.6.4/lib/plugins/gradle-tooling-native-5.6.4.jar
7f7638d76000-7f7638d7a000 r--s 00017000 08:02 6424691                    /home/karan/.gradle/wrapper/dists/gradle-5.6.4-all/ankdp27end7byghfw1q2sw75f/gradle-5.6.4/lib/plugins/gradle-testing-native-5.6.4.jar
7f7638d7a000-7f7638d7d000 r--s 00011000 08:02 6424805                    /home/karan/.gradle/wrapper/dists/gradle-5.6.4-all/ankdp27end7byghfw1q2sw75f/gradle-5.6.4/lib/plugins/junit-platform-commons-1.3.1.jar
7f7638d7d000-7f7638d7e000 r--s 00001000 08:02 6424807                    /home/karan/.gradle/wrapper/dists/gradle-5.6.4-all/ankdp27end7byghfw1q2sw75f/gradle-5.6.4/lib/plugins/opentest4j-1.1.1.jar
7f7638d7e000-7f7638d82000 r--s 0001d000 08:02 6424804                    /home/karan/.gradle/wrapper/dists/gradle-5.6.4-all/ankdp27end7byghfw1q2sw75f/gradle-5.6.4/lib/plugins/junit-platform-engine-1.3.1.jar
7f7638d82000-7f7638d83000 r--s 00000000 08:02 6424806                    /home/karan/.gradle/wrapper/dists/gradle-5.6.4-all/ankdp27end7byghfw1q2sw75f/gradle-5.6.4/lib/plugins/apiguardian-api-1.0.0.jar
7f7638d83000-7f7638d86000 r--s 00015000 08:02 6424768                    /home/karan/.gradle/wrapper/dists/gradle-5.6.4-all/ankdp27end7byghfw1q2sw75f/gradle-5.6.4/lib/plugins/junit-platform-launcher-1.3.1.jar
7f7638d86000-7f7638d87000 r--s 00003000 08:02 6424711                    /home/karan/.gradle/wrapper/dists/gradle-5.6.4-all/ankdp27end7byghfw1q2sw75f/gradle-5.6.4/lib/plugins/gradle-testing-junit-platform-5.6.4.jar
7f7638d87000-7f7638d8f000 r--s 00048000 08:02 6424757                    /home/karan/.gradle/wrapper/dists/gradle-5.6.4-all/ankdp27end7byghfw1q2sw75f/gradle-5.6.4/lib/plugins/bcpg-jdk15on-1.61.jar
7f7638d8f000-7f7638d92000 r--s 0000f000 08:02 6424688                    /home/karan/.gradle/wrapper/dists/gradle-5.6.4-all/ankdp27end7byghfw1q2sw75f/gradle-5.6.4/lib/plugins/gradle-signing-5.6.4.jar
7f7638d92000-7f7638d94000 r--s 00009000 08:02 6424698                    /home/karan/.gradle/wrapper/dists/gradle-5.6.4-all/ankdp27end7byghfw1q2sw75f/gradle-5.6.4/lib/plugins/gradle-scala-5.6.4.jar
7f7638d94000-7f7638d95000 r--s 00004000 08:02 6424731                    /home/karan/.gradle/wrapper/dists/gradle-5.6.4-all/ankdp27end7byghfw1q2sw75f/gradle-5.6.4/lib/plugins/gradle-resources-sftp-5.6.4.jar
7f7638d95000-7f7638d9e000 r--s 0005b000 08:02 6424738                    /home/karan/.gradle/wrapper/dists/gradle-5.6.4-all/ankdp27end7byghfw1q2sw75f/gradle-5.6.4/lib/plugins/aws-java-sdk-kms-1.11.407.jar
7f7638d9e000-7f7638da0000 r--s 00005000 08:02 6424774                    /home/karan/.gradle/wrapper/dists/gradle-5.6.4-all/ankdp27end7byghfw1q2sw75f/gradle-5.6.4/lib/plugins/jmespath-java-1.11.407.jar
7f7638da0000-7f7638db3000 r--s 000ca000 08:02 6424737                    /home/karan/.gradle/wrapper/dists/gradle-5.6.4-all/ankdp27end7byghfw1q2sw75f/gradle-5.6.4/lib/plugins/aws-java-sdk-s3-1.11.407.jar
7f7638db3000-7f7638dbd000 r--s 00081000 08:02 6424803                    /home/karan/.gradle/wrapper/dists/gradle-5.6.4-all/ankdp27end7byghfw1q2sw75f/gradle-5.6.4/lib/plugins/ion-java-1.0.2.jar
7f7638dbd000-7f7638dd3000 r--s 000ca000 08:02 6424739                    /home/karan/.gradle/wrapper/dists/gradle-5.6.4-all/ankdp27end7byghfw1q2sw75f/gradle-5.6.4/lib/plugins/aws-java-sdk-core-1.11.407.jar
7f7638dd3000-7f7638dd5000 r--s 00004000 08:02 6424727                    /home/karan/.gradle/wrapper/dists/gradle-5.6.4-all/ankdp27end7byghfw1q2sw75f/gradle-5.6.4/lib/plugins/gradle-resources-s3-5.6.4.jar
7f7638dd5000-7f7638de6000 r--s 0008c000 08:02 6424778                    /home/karan/.gradle/wrapper/dists/gradle-5.6.4-all/ankdp27end7byghfw1q2sw75f/gradle-5.6.4/lib/plugins/joda-time-2.10.jar
7f7638de6000-7f7638df8000 r--s 00137000 08:02 6424775                    /home/karan/.gradle/wrapper/dists/gradle-5.6.4-all/ankdp27end7byghfw1q2sw75f/gradle-5.6.4/lib/plugins/jackson-databind-2.9.8.jar
7f7638df8000-7f7638dfb000 r--s 0000e000 08:02 6424777                    /home/karan/.gradle/wrapper/dists/gradle-5.6.4-all/ankdp27end7byghfw1q2sw75f/gradle-5.6.4/lib/plugins/jackson-annotations-2.9.8.jar
7f7638dfb000-7f7638dff000 r--s 0004c000 08:02 6424776                    /home/karan/.gradle/wrapper/dists/gradle-5.6.4-all/ankdp27end7byghfw1q2sw75f/gradle-5.6.4/lib/plugins/jackson-core-2.9.8.jar
7f7638dff000-7f7638e00000 r--s 00001000 08:02 6424743                    /home/karan/.gradle/wrapper/dists/gradle-5.6.4-all/ankdp27end7byghfw1q2sw75f/gradle-5.6.4/lib/plugins/google-http-client-jackson2-1.25.0.jar
7f7638e00000-7f7638e0a000 r--s 00056000 08:02 6424744                    /home/karan/.gradle/wrapper/dists/gradle-5.6.4-all/ankdp27end7byghfw1q2sw75f/gradle-5.6.4/lib/plugins/google-http-client-1.25.0.jar
7f7638e0a000-7f7638e0d000 r--s 0000d000 08:02 6424742                    /home/karan/.gradle/wrapper/dists/gradle-5.6.4-all/ankdp27end7byghfw1q2sw75f/gradle-5.6.4/lib/plugins/google-oauth-client-1.25.0.jar
7f7638e0d000-7f7638e12000 r--s 0002d000 08:02 6424741                    /home/karan/.gradle/wrapper/dists/gradle-5.6.4-all/ankdp27end7byghfw1q2sw75f/gradle-5.6.4/lib/plugins/google-api-client-1.25.0.jar
7f7638e12000-7f7638e16000 r--s 0001d000 08:02 6424740                    /home/karan/.gradle/wrapper/dists/gradle-5.6.4-all/ankdp27end7byghfw1q2sw75f/gradle-5.6.4/lib/plugins/google-api-services-storage-v1-rev136-1.25.0.jar
7f7638e16000-7f7638e18000 r--s 00003000 08:02 6424728                    /home/karan/.gradle/wrapper/dists/gradle-5.6.4-all/ankdp27end7byghfw1q2sw75f/gradle-5.6.4/lib/plugins/gradle-resources-gcs-5.6.4.jar
7f7638e18000-7f7638e1e000 r--s 00031000 08:02 6424701                    /home/karan/.gradle/wrapper/dists/gradle-5.6.4-all/ankdp27end7byghfw1q2sw75f/gradle-5.6.4/lib/plugins/gradle-platform-play-5.6.4.jar
7f7638e1e000-7f7638e30000 r--s 00078000 08:02 6424717                    /home/karan/.gradle/wrapper/dists/gradle-5.6.4-all/ankdp27end7byghfw1q2sw75f/gradle-5.6.4/lib/plugins/gradle-platform-native-5.6.4.jar
7f7638e30000-7f7638e5d000 r--s 0025e000 08:02 6424748                    /home/karan/.gradle/wrapper/dists/gradle-5.6.4-all/ankdp27end7byghfw1q2sw75f/gradle-5.6.4/lib/plugins/biz.aQute.bndlib-4.0.0.jar
7f7638e5d000-7f7638e5e000 r--s 00004000 08:02 6424687                    /home/karan/.gradle/wrapper/dists/gradle-5.6.4-all/ankdp27end7byghfw1q2sw75f/gradle-5.6.4/lib/plugins/gradle-osgi-5.6.4.jar
7f7638e5e000-7f7638e61000 r--s 0000c000 08:02 6424710                    /home/karan/.gradle/wrapper/dists/gradle-5.6.4-all/ankdp27end7byghfw1q2sw75f/gradle-5.6.4/lib/plugins/gradle-language-scala-5.6.4.jar
7f7638e61000-7f7638e6d000 r--s 00054000 08:02 6424692                    /home/karan/.gradle/wrapper/dists/gradle-5.6.4-all/ankdp27end7byghfw1q2sw75f/gradle-5.6.4/lib/plugins/gradle-language-native-5.6.4.jar
7f7638e6d000-7f7638e74000 r--s 00035000 08:02 6424760                    /home/karan/.gradle/wrapper/dists/gradle-5.6.4-all/ankdp27end7byghfw1q2sw75f/gradle-5.6.4/lib/plugins/simple-4.1.21.jar
7f7638e74000-7f7638e81000 r--s 00125000 08:02 6424758                    /home/karan/.gradle/wrapper/dists/gradle-5.6.4-all/ankdp27end7byghfw1q2sw75f/gradle-5.6.4/lib/plugins/rhino-1.7.10.jar
7f7638e81000-7f7638e85000 r--s 00012000 08:02 6424702                    /home/karan/.gradle/wrapper/dists/gradle-5.6.4-all/ankdp27end7byghfw1q2sw75f/gradle-5.6.4/lib/plugins/gradle-javascript-5.6.4.jar
7f7638e85000-7f7638e89000 r--s 00011000 08:02 6424704                    /home/karan/.gradle/wrapper/dists/gradle-5.6.4-all/ankdp27end7byghfw1q2sw75f/gradle-5.6.4/lib/plugins/gradle-jacoco-5.6.4.jar
7f7638e89000-7f7638e8b000 r--s 00002000 08:02 6424696                    /home/karan/.gradle/wrapper/dists/gradle-5.6.4-all/ankdp27end7byghfw1q2sw75f/gradle-5.6.4/lib/plugins/gradle-ide-play-5.6.4.jar
7f7638e8b000-7f7638e8d000 r--s 00011000 08:02 6424765                    /home/karan/.gradle/wrapper/dists/gradle-5.6.4-all/ankdp27end7byghfw1q2sw75f/gradle-5.6.4/lib/plugins/dd-plist-1.21.jar
7f7638e8d000-7f7638e94000 r--s 00034000 08:02 6424690                    /home/karan/.gradle/wrapper/dists/gradle-5.6.4-all/ankdp27end7byghfw1q2sw75f/gradle-5.6.4/lib/plugins/gradle-ide-native-5.6.4.jar
7f7638e94000-7f7638e9e000 r--s 00063000 08:02 6424697                    /home/karan/.gradle/wrapper/dists/gradle-5.6.4-all/ankdp27end7byghfw1q2sw75f/gradle-5.6.4/lib/plugins/gradle-ide-5.6.4.jar
7f7638e9e000-7f7638ea0000 r--s 00008000 08:02 6424700                    /home/karan/.gradle/wrapper/dists/gradle-5.6.4-all/ankdp27end7byghfw1q2sw75f/gradle-5.6.4/lib/plugins/gradle-ear-5.6.4.jar
7f7638ea0000-7f7638ea5000 r--s 0002a000 08:02 6424686                    /home/karan/.gradle/wrapper/dists/gradle-5.6.4-all/ankdp27end7byghfw1q2sw75f/gradle-5.6.4/lib/plugins/gradle-code-quality-5.6.4.jar
7f7638ea5000-7f7638ea7000 r--s 0000b000 08:02 6424762                    /home/karan/.gradle/wrapper/dists/gradle-5.6.4-all/ankdp27end7byghfw1q2sw75f/gradle-5.6.4/lib/plugins/maven-plugin-api-3.0.4.jar
7f7638ea7000-7f7638ead000 r--s 0003f000 08:02 6424750                    /home/karan/.gradle/wrapper/dists/gradle-5.6.4-all/ankdp27end7byghfw1q2sw75f/gradle-5.6.4/lib/plugins/maven-compat-3.0.4.jar
7f7638ead000-7f7638eb6000 r--s 0003b000 08:02 6424705                    /home/karan/.gradle/wrapper/dists/gradle-5.6.4-all/ankdp27end7byghfw1q2sw75f/gradle-5.6.4/lib/plugins/gradle-build-init-5.6.4.jar
7f7638eb6000-7f7638ebc000 r--s 0002e000 08:02 6424699                    /home/karan/.gradle/wrapper/dists/gradle-5.6.4-all/ankdp27end7byghfw1q2sw75f/gradle-5.6.4/lib/plugins/gradle-build-comparison-5.6.4.jar
7f7638ebc000-7f7638ebe000 r--s 00002000 08:02 6424729                    /home/karan/.gradle/wrapper/dists/gradle-5.6.4-all/ankdp27end7byghfw1q2sw75f/gradle-5.6.4/lib/plugins/gradle-build-cache-http-5.6.4.jar
7f7638ebe000-7f7638ec0000 r--s 00009000 08:02 6424685                    /home/karan/.gradle/wrapper/dists/gradle-5.6.4-all/ankdp27end7byghfw1q2sw75f/gradle-5.6.4/lib/plugins/gradle-antlr-5.6.4.jar
7f7638ec0000-7f7638ec2000 r--s 00005000 08:02 6424684                    /home/karan/.gradle/wrapper/dists/gradle-5.6.4-all/ankdp27end7byghfw1q2sw75f/gradle-5.6.4/lib/plugins/gradle-announce-5.6.4.jar
7f7638ec2000-7f7638ec5000 r--s 00017000 08:02 6424706                    /home/karan/.gradle/wrapper/dists/gradle-5.6.4-all/ankdp27end7byghfw1q2sw75f/gradle-5.6.4/lib/plugins/gradle-kotlin-dsl-tooling-builders-5.6.4.jar
7f7638ec5000-7f7638ec9000 r--s 00014000 08:02 6424703                    /home/karan/.gradle/wrapper/dists/gradle-5.6.4-all/ankdp27end7byghfw1q2sw75f/gradle-5.6.4/lib/plugins/gradle-ivy-5.6.4.jar
7f7638ec9000-7f7638ecb000 r--s 00009000 08:02 6424719                    /home/karan/.gradle/wrapper/dists/gradle-5.6.4-all/ankdp27end7byghfw1q2sw75f/gradle-5.6.4/lib/plugins/gradle-publish-5.6.4.jar
7f7638ecb000-7f7638ece000 r--s 0000c000 08:02 6424753                    /home/karan/.gradle/wrapper/dists/gradle-5.6.4-all/ankdp27end7byghfw1q2sw75f/gradle-5.6.4/lib/plugins/pmaven-groovy-0.8-20100325.jar
7f7638ece000-7f7638ecf000 r--s 00004000 08:02 6424752                    /home/karan/.gradle/wrapper/dists/gradle-5.6.4-all/ankdp27end7byghfw1q2sw75f/gradle-5.6.4/lib/plugins/pmaven-common-0.8-20100325.jar
7f7638ecf000-7f7638ed2000 r--s 0000a000 08:02 6424797                    /home/karan/.gradle/wrapper/dists/gradle-5.6.4-all/ankdp27end7byghfw1q2sw75f/gradle-5.6.4/lib/plugins/plexus-classworlds-2.5.1.jar
7f7638ed2000-7f7638ed6000 r--s 00021000 08:02 6424802                    /home/karan/.gradle/wrapper/dists/gradle-5.6.4-all/ankdp27end7byghfw1q2sw75f/gradle-5.6.4/lib/plugins/xbean-reflect-3.7.jar
7f7638ed6000-7f7638edd000 r--s 00032000 08:02 6424755                    /home/karan/.gradle/wrapper/dists/gradle-5.6.4-all/ankdp27end7byghfw1q2sw75f/gradle-5.6.4/lib/plugins/plexus-container-default-1.7.1.jar
7f7638edd000-7f7638ede000 r--s 00008000 08:02 6424736                    /home/karan/.gradle/wrapper/dists/gradle-5.6.4-all/ankdp27end7byghfw1q2sw75f/gradle-5.6.4/lib/plugins/wagon-http-shared-3.0.0.jar
7f7638ede000-7f7638edf000 r--s 00002000 08:02 6424735                    /home/karan/.gradle/wrapper/dists/gradle-5.6.4-all/ankdp27end7byghfw1q2sw75f/gradle-5.6.4/lib/plugins/wagon-http-3.0.0.jar
7f7638edf000-7f7638ee1000 r--s 0000c000 08:02 6424800                    /home/karan/.gradle/wrapper/dists/gradle-5.6.4-all/ankdp27end7byghfw1q2sw75f/gradle-5.6.4/lib/plugins/wagon-provider-api-3.0.0.jar
7f7638ee1000-7f7638ee2000 r--s 00002000 08:02 6424754                    /home/karan/.gradle/wrapper/dists/gradle-5.6.4-all/ankdp27end7byghfw1q2sw75f/gradle-5.6.4/lib/plugins/wagon-file-3.0.0.jar
7f7638ee2000-7f7638ee4000 r--s 00006000 08:02 6424756                    /home/karan/.gradle/wrapper/dists/gradle-5.6.4-all/ankdp27end7byghfw1q2sw75f/gradle-5.6.4/lib/plugins/aether-connector-wagon-1.13.1.jar
7f7638ee4000-7f7638eeb000 r--s 00031000 08:02 6424695                    /home/karan/.gradle/wrapper/dists/gradle-5.6.4-all/ankdp27end7byghfw1q2sw75f/gradle-5.6.4/lib/plugins/gradle-maven-5.6.4.jar
7f7638eeb000-7f7638eed000 r--s 0000c000 08:02 6424694                    /home/karan/.gradle/wrapper/dists/gradle-5.6.4-all/ankdp27end7byghfw1q2sw75f/gradle-5.6.4/lib/plugins/gradle-plugin-development-5.6.4.jar
7f7638eed000-7f7638ef3000 r--s 0003d000 08:02 6424764                    /home/karan/.gradle/wrapper/dists/gradle-5.6.4-all/ankdp27end7byghfw1q2sw75f/gradle-5.6.4/lib/plugins/snakeyaml-1.17.jar
7f7638ef3000-7f7638ef5000 r--s 0000f000 08:02 6424787                    /home/karan/.gradle/wrapper/dists/gradle-5.6.4-all/ankdp27end7byghfw1q2sw75f/gradle-5.6.4/lib/plugins/jcommander-1.72.jar
7f7638ef5000-7f7638efe000 r--s 00089000 08:02 6424763                    /home/karan/.gradle/wrapper/dists/gradle-5.6.4-all/ankdp27end7byghfw1q2sw75f/gradle-5.6.4/lib/plugins/testng-6.3.1.jar
7f7638efe000-7f7638f00000 r--s 00009000 08:02 6424785                    /home/karan/.gradle/wrapper/dists/gradle-5.6.4-all/ankdp27end7byghfw1q2sw75f/gradle-5.6.4/lib/plugins/hamcrest-core-1.3.jar
7f7638f00000-7f7638f08000 r--s 00045000 08:02 6424766                    /home/karan/.gradle/wrapper/dists/gradle-5.6.4-all/ankdp27end7byghfw1q2sw75f/gradle-5.6.4/lib/plugins/junit-4.12.jar
7f7638f08000-7f7638f0d000 r--s 0005a000 08:02 6424767                    /home/karan/.gradle/wrapper/dists/gradle-5.6.4-all/ankdp27end7byghfw1q2sw75f/gradle-5.6.4/lib/plugins/bsh-2.0b6.jar
7f7638f0d000-7f7638f11000 r--s 0001c000 08:02 6424713                    /home/karan/.gradle/wrapper/dists/gradle-5.6.4-all/ankdp27end7byghfw1q2sw75f/gradle-5.6.4/lib/plugins/gradle-testing-jvm-5.6.4.jar
7f7638f11000-7f7638f19000 r--s 00034000 08:02 6424720                    /home/karan/.gradle/wrapper/dists/gradle-5.6.4-all/ankdp27end7byghfw1q2sw75f/gradle-5.6.4/lib/plugins/gradle-testing-base-5.6.4.jar
7f7638f19000-7f7638f1c000 r--s 0000e000 08:02 6424709                    /home/karan/.gradle/wrapper/dists/gradle-5.6.4-all/ankdp27end7byghfw1q2sw75f/gradle-5.6.4/lib/plugins/gradle-language-groovy-5.6.4.jar
7f7638f1c000-7f7638f25000 r--s 00045000 08:02 6424714                    /home/karan/.gradle/wrapper/dists/gradle-5.6.4-all/ankdp27end7byghfw1q2sw75f/gradle-5.6.4/lib/plugins/gradle-language-java-5.6.4.jar
7f7638f25000-7f7638f27000 r--s 00005000 08:02 6424715                    /home/karan/.gradle/wrapper/dists/gradle-5.6.4-all/ankdp27end7byghfw1q2sw75f/gradle-5.6.4/lib/plugins/gradle-language-jvm-5.6.4.jar
7f7638f27000-7f7638f2d000 r--s 0003e000 08:02 6424718                    /home/karan/.gradle/wrapper/dists/gradle-5.6.4-all/ankdp27end7byghfw1q2sw75f/gradle-5.6.4/lib/plugins/gradle-diagnostics-5.6.4.jar
7f7638f2d000-7f7638f31000 r--s 0001b000 08:02 6424716                    /home/karan/.gradle/wrapper/dists/gradle-5.6.4-all/ankdp27end7byghfw1q2sw75f/gradle-5.6.4/lib/plugins/gradle-platform-jvm-5.6.4.jar
7f7638f31000-7f7638f38000 r--s 0002a000 08:02 6424721                    /home/karan/.gradle/wrapper/dists/gradle-5.6.4-all/ankdp27end7byghfw1q2sw75f/gradle-5.6.4/lib/plugins/gradle-platform-base-5.6.4.jar
7f7638f38000-7f7638f3a000 r--s 00006000 08:02 6424761                    /home/karan/.gradle/wrapper/dists/gradle-5.6.4-all/ankdp27end7byghfw1q2sw75f/gradle-5.6.4/lib/plugins/jatl-0.2.3.jar
7f7638f3a000-7f7638f3c000 r--s 00010000 08:02 6424726                    /home/karan/.gradle/wrapper/dists/gradle-5.6.4-all/ankdp27end7byghfw1q2sw75f/gradle-5.6.4/lib/plugins/gradle-reporting-5.6.4.jar
7f7638f3c000-7f7638f44000 r--s 00047000 08:02 6424707                    /home/karan/.gradle/wrapper/dists/gradle-5.6.4-all/ankdp27end7byghfw1q2sw75f/gradle-5.6.4/lib/plugins/gradle-plugins-5.6.4.jar
7f7638f44000-7f7638f49000 r--s 0002c000 08:02 6424693                    /home/karan/.gradle/wrapper/dists/gradle-5.6.4-all/ankdp27end7byghfw1q2sw75f/gradle-5.6.4/lib/plugins/gradle-kotlin-dsl-provider-plugins-5.6.4.jar
7f7638f49000-7f7638f4e000 r--s 00040000 08:02 6424772                    /home/karan/.gradle/wrapper/dists/gradle-5.6.4-all/ankdp27end7byghfw1q2sw75f/gradle-5.6.4/lib/plugins/jsch-0.1.54.jar
7f7638f4e000-7f7638f50000 r--s 00010000 08:02 6424788                    /home/karan/.gradle/wrapper/dists/gradle-5.6.4-all/ankdp27end7byghfw1q2sw75f/gradle-5.6.4/lib/plugins/jzlib-1.1.3.jar
7f7638f50000-7f7638f75000 r--s 00265000 08:02 6424734                    /home/karan/.gradle/wrapper/dists/gradle-5.6.4-all/ankdp27end7byghfw1q2sw75f/gradle-5.6.4/lib/plugins/org.eclipse.jgit-5.0.3.201809091024-r.jar
7f7638f75000-7f7638f78000 r--s 0000c000 08:02 6424723                    /home/karan/.gradle/wrapper/dists/gradle-5.6.4-all/ankdp27end7byghfw1q2sw75f/gradle-5.6.4/lib/plugins/gradle-version-control-5.6.4.jar
7f7638f78000-7f7638f7a000 r--s 00006000 08:02 6424792                    /home/karan/.gradle/wrapper/dists/gradle-5.6.4-all/ankdp27end7byghfw1q2sw75f/gradle-5.6.4/lib/plugins/maven-repository-metadata-3.0.4.jar
7f7638f7a000-7f7638f7c000 r--s 0000c000 08:02 6424780                    /home/karan/.gradle/wrapper/dists/gradle-5.6.4-all/ankdp27end7byghfw1q2sw75f/gradle-5.6.4/lib/plugins/maven-aether-provider-3.0.4.jar
7f7638f7c000-7f7638f7d000 r--s 00003000 08:02 6424783                    /home/karan/.gradle/wrapper/dists/gradle-5.6.4-all/ankdp27end7byghfw1q2sw75f/gradle-5.6.4/lib/plugins/aether-spi-1.13.1.jar
7f7638f7d000-7f7638f80000 r--s 0001d000 08:02 6424781                    /home/karan/.gradle/wrapper/dists/gradle-5.6.4-all/ankdp27end7byghfw1q2sw75f/gradle-5.6.4/lib/plugins/aether-impl-1.13.1.jar
7f7638f80000-7f7638f84000 r--s 0001c000 08:02 6424782                    /home/karan/.gradle/wrapper/dists/gradle-5.6.4-all/ankdp27end7byghfw1q2sw75f/gradle-5.6.4/lib/plugins/aether-util-1.13.1.jar
7f7638f84000-7f7638f87000 r--s 00013000 08:02 6424784                    /home/karan/.gradle/wrapper/dists/gradle-5.6.4-all/ankdp27end7byghfw1q2sw75f/gradle-5.6.4/lib/plugins/aether-api-1.13.1.jar
7f7638f87000-7f7638f89000 r--s 0000b000 08:02 6424789                    /home/karan/.gradle/wrapper/dists/gradle-5.6.4-all/ankdp27end7byghfw1q2sw75f/gradle-5.6.4/lib/plugins/maven-artifact-3.0.4.jar
7f7638f89000-7f7638f8b000 r--s 00000000 08:02 6424798                    /home/karan/.gradle/wrapper/dists/gradle-5.6.4-all/ankdp27end7byghfw1q2sw75f/gradle-5.6.4/lib/plugins/plexus-component-annotations-1.5.5.jar
7f7638f8b000-7f7638f8d000 r--s 0000d000 08:02 6424799                    /home/karan/.gradle/wrapper/dists/gradle-5.6.4-all/ankdp27end7byghfw1q2sw75f/gradle-5.6.4/lib/plugins/plexus-interpolation-1.14.jar
7f7638f8d000-7f7638f91000 r--s 00021000 08:02 6424790                    /home/karan/.gradle/wrapper/dists/gradle-5.6.4-all/ankdp27end7byghfw1q2sw75f/gradle-5.6.4/lib/plugins/maven-model-builder-3.0.4.jar
7f7638f91000-7f7638f93000 r--s 00026000 08:02 6424791                    /home/karan/.gradle/wrapper/dists/gradle-5.6.4-all/ankdp27end7byghfw1q2sw75f/gradle-5.6.4/lib/plugins/maven-model-3.0.4.jar
7f7638f93000-7f7638f95000 r--s 0000a000 08:02 6424794                    /home/karan/.gradle/wrapper/dists/gradle-5.6.4-all/ankdp27end7byghfw1q2sw75f/gradle-5.6.4/lib/plugins/maven-settings-3.0.4.jar
7f7638f95000-7f7638fa1000 r--s 0007d000 08:02 6424751                    /home/karan/.gradle/wrapper/dists/gradle-5.6.4-all/ankdp27end7byghfw1q2sw75f/gradle-5.6.4/lib/plugins/maven-core-3.0.4.jar
7f7638fa1000-7f7639000000 r--s 003f7000 08:02 6424779                    /home/karan/.gradle/wrapper/dists/gradle-5.6.4-all/ankdp27end7byghfw1q2sw75f/gradle-5.6.4/lib/plugins/bcprov-jdk15on-1.61.jar
7f7639000000-7f763c000000 rw-p 00000000 00:00 0 
7f763c000000-7f763c021000 rw-p 00000000 00:00 0 
7f763c021000-7f7640000000 ---p 00000000 00:00 0 
7f7640000000-7f7640024000 rw-p 00000000 00:00 0 
7f7640024000-7f7644000000 ---p 00000000 00:00 0 
7f7644000000-7f7644021000 rw-p 00000000 00:00 0 
7f7644021000-7f7648000000 ---p 00000000 00:00 0 
7f7648000000-7f7648002000 r--s 00002000 08:02 6424796                    /home/karan/.gradle/wrapper/dists/gradle-5.6.4-all/ankdp27end7byghfw1q2sw75f/gradle-5.6.4/lib/plugins/plexus-cipher-1.7.jar
7f7648002000-7f7648003000 r--s 00006000 08:02 6424795                    /home/karan/.gradle/wrapper/dists/gradle-5.6.4-all/ankdp27end7byghfw1q2sw75f/gradle-5.6.4/lib/plugins/plexus-sec-dispatcher-1.3.jar
7f7648003000-7f7648007000 r--s 0003c000 08:02 6424801                    /home/karan/.gradle/wrapper/dists/gradle-5.6.4-all/ankdp27end7byghfw1q2sw75f/gradle-5.6.4/lib/plugins/plexus-utils-3.1.0.jar
7f7648007000-7f764800a000 r--s 00008000 08:02 6424793                    /home/karan/.gradle/wrapper/dists/gradle-5.6.4-all/ankdp27end7byghfw1q2sw75f/gradle-5.6.4/lib/plugins/maven-settings-builder-3.0.4.jar
7f764800a000-7f764801f000 r--s 00116000 08:02 6424749                    /home/karan/.gradle/wrapper/dists/gradle-5.6.4-all/ankdp27end7byghfw1q2sw75f/gradle-5.6.4/lib/plugins/ivy-2.3.0.jar
7f764801f000-7f7648024000 r--s 00036000 08:02 6424759                    /home/karan/.gradle/wrapper/dists/gradle-5.6.4-all/ankdp27end7byghfw1q2sw75f/gradle-5.6.4/lib/plugins/gson-2.8.5.jar
7f7648024000-7f7648025000 r--s 00013000 08:02 6424747                    /home/karan/.gradle/wrapper/dists/gradle-5.6.4-all/ankdp27end7byghfw1q2sw75f/gradle-5.6.4/lib/plugins/asm-util-7.1.jar
7f7648025000-7f764805b000 r--s 001d8000 08:02 6424724                    /home/karan/.gradle/wrapper/dists/gradle-5.6.4-all/ankdp27end7byghfw1q2sw75f/gradle-5.6.4/lib/plugins/gradle-dependency-management-5.6.4.jar
7f764805b000-7f764805c000 r--s 00000000 08:02 6424595                    /home/karan/.gradle/wrapper/dists/gradle-5.6.4-all/ankdp27end7byghfw1q2sw75f/gradle-5.6.4/lib/gradle-runtime-api-info-5.6.4.jar
7f764805c000-7f764805e000 r--s 0000d000 08:02 6424722                    /home/karan/.gradle/wrapper/dists/gradle-5.6.4-all/ankdp27end7byghfw1q2sw75f/gradle-5.6.4/lib/plugins/gradle-plugin-use-5.6.4.jar
7f764805e000-7f7648061000 r--s 0000d000 08:02 6424725                    /home/karan/.gradle/wrapper/dists/gradle-5.6.4-all/ankdp27end7byghfw1q2sw75f/gradle-5.6.4/lib/plugins/gradle-composite-builds-5.6.4.jar
7f7648061000-7f764807a000 r--s 0013a000 08:02 6424771                    /home/karan/.gradle/wrapper/dists/gradle-5.6.4-all/ankdp27end7byghfw1q2sw75f/gradle-5.6.4/lib/plugins/xercesImpl-2.12.0.jar
7f764807a000-7f764807c000 r--s 0001d000 08:02 6424770                    /home/karan/.gradle/wrapper/dists/gradle-5.6.4-all/ankdp27end7byghfw1q2sw75f/gradle-5.6.4/lib/plugins/nekohtml-1.9.22.jar
7f764807c000-7f7648082000 r--s 0005b000 08:02 6424769                    /home/karan/.gradle/wrapper/dists/gradle-5.6.4-all/ankdp27end7byghfw1q2sw75f/gradle-5.6.4/lib/plugins/jcifs-1.3.17.jar
7f7648082000-7f7648089000 r--s 0004b000 08:02 6424746                    /home/karan/.gradle/wrapper/dists/gradle-5.6.4-all/ankdp27end7byghfw1q2sw75f/gradle-5.6.4/lib/plugins/commons-codec-1.11.jar
7f7648089000-7f7648090000 r--s 00049000 08:02 6424786                    /home/karan/.gradle/wrapper/dists/gradle-5.6.4-all/ankdp27end7byghfw1q2sw75f/gradle-5.6.4/lib/plugins/httpcore-4.4.10.jar
7f7648090000-7f76480a6000 r-xp 00000000 08:02 25039458                   /lib/x86_64-linux-gnu/libgcc_s.so.1
7f76480a6000-7f76482a5000 ---p 00016000 08:02 25039458                   /lib/x86_64-linux-gnu/libgcc_s.so.1
7f76482a5000-7f76482a6000 rw-p 00015000 08:02 25039458                   /lib/x86_64-linux-gnu/libgcc_s.so.1
7f76482a6000-7f7648418000 r-xp 00000000 08:02 13764744                   /usr/lib/x86_64-linux-gnu/libstdc++.so.6.0.21
7f7648418000-7f7648618000 ---p 00172000 08:02 13764744                   /usr/lib/x86_64-linux-gnu/libstdc++.so.6.0.21
7f7648618000-7f7648622000 r--p 00172000 08:02 13764744                   /usr/lib/x86_64-linux-gnu/libstdc++.so.6.0.21
7f7648622000-7f7648624000 rw-p 0017c000 08:02 13764744                   /usr/lib/x86_64-linux-gnu/libstdc++.so.6.0.21
7f7648624000-7f7648628000 rw-p 00000000 00:00 0 
7f7648628000-7f7648629000 r--s 00000000 08:02 6424599                    /home/karan/.gradle/wrapper/dists/gradle-5.6.4-all/ankdp27end7byghfw1q2sw75f/gradle-5.6.4/lib/gradle-installation-beacon-5.6.4.jar
7f7648629000-7f7648636000 r--s 000af000 08:02 6424745                    /home/karan/.gradle/wrapper/dists/gradle-5.6.4-all/ankdp27end7byghfw1q2sw75f/gradle-5.6.4/lib/plugins/httpclient-4.5.6.jar
7f7648636000-7f7648639000 r--s 0000e000 08:02 6424730                    /home/karan/.gradle/wrapper/dists/gradle-5.6.4-all/ankdp27end7byghfw1q2sw75f/gradle-5.6.4/lib/plugins/gradle-resources-http-5.6.4.jar
7f7648639000-7f764863e000 r--s 0001d000 08:02 6424733                    /home/karan/.gradle/wrapper/dists/gradle-5.6.4-all/ankdp27end7byghfw1q2sw75f/gradle-5.6.4/lib/plugins/gradle-workers-5.6.4.jar
7f764863e000-7f7648644000 r-xp 00000000 08:02 26744425                   /home/karan/.gradle/native/30/linux-amd64/libnative-platform.so
7f7648644000-7f7648843000 ---p 00006000 08:02 26744425                   /home/karan/.gradle/native/30/linux-amd64/libnative-platform.so
7f7648843000-7f7648844000 rw-p 00005000 08:02 26744425                   /home/karan/.gradle/native/30/linux-amd64/libnative-platform.so
7f7648844000-7f7648854000 r-xp 00000000 08:02 25823035                   /home/karan/android-studio/jre/jre/lib/amd64/libnio.so
7f7648854000-7f7648855000 ---p 00010000 08:02 25823035                   /home/karan/android-studio/jre/jre/lib/amd64/libnio.so
7f7648855000-7f7648856000 r--p 00010000 08:02 25823035                   /home/karan/android-studio/jre/jre/lib/amd64/libnio.so
7f7648856000-7f7648857000 rw-p 00011000 08:02 25823035                   /home/karan/android-studio/jre/jre/lib/amd64/libnio.so
7f7648857000-7f764886e000 r-xp 00000000 08:02 25822215                   /home/karan/android-studio/jre/jre/lib/amd64/libnet.so
7f764886e000-7f764886f000 r--p 00016000 08:02 25822215                   /home/karan/android-studio/jre/jre/lib/amd64/libnet.so
7f764886f000-7f7648870000 rw-p 00017000 08:02 25822215                   /home/karan/android-studio/jre/jre/lib/amd64/libnet.so
7f7648870000-7f764887b000 r--s 00081000 08:02 6424655                    /home/karan/.gradle/wrapper/dists/gradle-5.6.4-all/ankdp27end7byghfw1q2sw75f/gradle-5.6.4/lib/trove4j-1.0.20181211.jar
7f764887b000-7f764887d000 r--s 00009000 08:02 6424663                    /home/karan/.gradle/wrapper/dists/gradle-5.6.4-all/ankdp27end7byghfw1q2sw75f/gradle-5.6.4/lib/kotlin-script-runtime-1.3.41.jar
7f764887d000-7f7648aa4000 r--s 0204c000 08:02 6424625                    /home/karan/.gradle/wrapper/dists/gradle-5.6.4-all/ankdp27end7byghfw1q2sw75f/gradle-5.6.4/lib/kotlin-compiler-embeddable-1.3.41-patched-for-gradle-5.6.4.jar
7f7648aa4000-7f7648aa5000 r--s 00001000 08:02 6424624                    /home/karan/.gradle/wrapper/dists/gradle-5.6.4-all/ankdp27end7byghfw1q2sw75f/gradle-5.6.4/lib/gradle-kotlin-dsl-tooling-models-5.6.4.jar
7f7648aa5000-7f7648aa7000 r--s 00006000 08:02 6424598                    /home/karan/.gradle/wrapper/dists/gradle-5.6.4-all/ankdp27end7byghfw1q2sw75f/gradle-5.6.4/lib/gradle-wrapper-5.6.4.jar
7f7648aa7000-7f7648ab6000 r--s 0004d000 08:02 6424597                    /home/karan/.gradle/wrapper/dists/gradle-5.6.4-all/ankdp27end7byghfw1q2sw75f/gradle-5.6.4/lib/gradle-tooling-api-5.6.4.jar
7f7648ab6000-7f7648ac6000 r--s 0026b000 08:02 6424647                    /home/karan/.gradle/wrapper/dists/gradle-5.6.4-all/ankdp27end7byghfw1q2sw75f/gradle-5.6.4/lib/kotlinx-metadata-jvm-0.1.0.jar
7f7648ac6000-7f7648ac7000 r--s 00002000 08:02 6424646                    /home/karan/.gradle/wrapper/dists/gradle-5.6.4-all/ankdp27end7byghfw1q2sw75f/gradle-5.6.4/lib/kotlin-sam-with-receiver-compiler-plugin-1.3.41.jar
7f7648ac7000-7f7648ace000 r--s 00047000 08:02 6424645                    /home/karan/.gradle/wrapper/dists/gradle-5.6.4-all/ankdp27end7byghfw1q2sw75f/gradle-5.6.4/lib/kotlin-scripting-compiler-impl-embeddable-1.3.41.jar
7f7648ace000-7f7648acf000 r--s 00009000 08:02 6424644                    /home/karan/.gradle/wrapper/dists/gradle-5.6.4-all/ankdp27end7byghfw1q2sw75f/gradle-5.6.4/lib/kotlin-scripting-compiler-embeddable-1.3.41.jar
7f7648acf000-7f7648aea000 r--s 0015f000 08:02 6424596                    /home/karan/.gradle/wrapper/dists/gradle-5.6.4-all/ankdp27end7byghfw1q2sw75f/gradle-5.6.4/lib/gradle-kotlin-dsl-5.6.4.jar
7f7648aea000-7f7648aec000 r--s 00005000 08:02 6424611                    /home/karan/.gradle/wrapper/dists/gradle-5.6.4-all/ankdp27end7byghfw1q2sw75f/gradle-5.6.4/lib/gradle-worker-processes-5.6.4.jar
7f7648aec000-7f7648af2000 r--s 00028000 08:02 6424605                    /home/karan/.gradle/wrapper/dists/gradle-5.6.4-all/ankdp27end7byghfw1q2sw75f/gradle-5.6.4/lib/gradle-execution-5.6.4.jar
7f7648af2000-7f7648af4000 r--s 00007000 08:02 6424604                    /home/karan/.gradle/wrapper/dists/gradle-5.6.4-all/ankdp27end7byghfw1q2sw75f/gradle-5.6.4/lib/gradle-model-groovy-5.6.4.jar
7f7648af4000-7f7648af6000 r--s 00000000 08:02 6424613                    /home/karan/.gradle/wrapper/dists/gradle-5.6.4-all/ankdp27end7byghfw1q2sw75f/gradle-5.6.4/lib/gradle-jvm-services-5.6.4.jar
7f7648af6000-7f7648af8000 r--s 00006000 08:02 6424607                    /home/karan/.gradle/wrapper/dists/gradle-5.6.4-all/ankdp27end7byghfw1q2sw75f/gradle-5.6.4/lib/gradle-build-cache-packaging-5.6.4.jar
7f7648af8000-7f7648afc000 r--s 0000e000 08:02 6424608                    /home/karan/.gradle/wrapper/dists/gradle-5.6.4-all/ankdp27end7byghfw1q2sw75f/gradle-5.6.4/lib/gradle-build-cache-5.6.4.jar
7f7648afc000-7f7648afd000 r--s 00005000 08:02 6424628                    /home/karan/.gradle/wrapper/dists/gradle-5.6.4-all/ankdp27end7byghfw1q2sw75f/gradle-5.6.4/lib/gradle-docs-5.6.4.jar
7f7648afd000-7f7648b35000 r--s 00273000 08:02 6424657                    /home/karan/.gradle/wrapper/dists/gradle-5.6.4-all/ankdp27end7byghfw1q2sw75f/gradle-5.6.4/lib/kotlin-reflect-1.3.41.jar
7f7648b35000-7f7648b36000 r--s 00000000 08:02 6424658                    /home/karan/.gradle/wrapper/dists/gradle-5.6.4-all/ankdp27end7byghfw1q2sw75f/gradle-5.6.4/lib/kotlin-stdlib-jdk7-1.3.41.jar
7f7648b36000-7f7648b38000 r--s 00002000 08:02 6424642                    /home/karan/.gradle/wrapper/dists/gradle-5.6.4-all/ankdp27end7byghfw1q2sw75f/gradle-5.6.4/lib/kotlin-stdlib-jdk8-1.3.41.jar
7f7648b38000-7f7648b41000 r--s 000b3000 08:02 6424601                    /home/karan/.gradle/wrapper/dists/gradle-5.6.4-all/ankdp27end7byghfw1q2sw75f/gradle-5.6.4/lib/gradle-instant-execution-5.6.4.jar
7f7648b41000-7f7648b4a000 r--s 0002d000 08:02 6424656                    /home/karan/.gradle/wrapper/dists/gradle-5.6.4-all/ankdp27end7byghfw1q2sw75f/gradle-5.6.4/lib/xml-apis-1.4.01.jar
7f7648b4a000-7f7648b55000 r--s 00086000 08:02 6424648                    /home/karan/.gradle/wrapper/dists/gradle-5.6.4-all/ankdp27end7byghfw1q2sw75f/gradle-5.6.4/lib/commons-compress-1.18.jar
7f7648b55000-7f7648b57000 r--s 00007000 08:02 6424638                    /home/karan/.gradle/wrapper/dists/gradle-5.6.4-all/ankdp27end7byghfw1q2sw75f/gradle-5.6.4/lib/asm-analysis-7.1.jar
7f7648b57000-7f7648b59000 r--s 0000b000 08:02 6424639                    /home/karan/.gradle/wrapper/dists/gradle-5.6.4-all/ankdp27end7byghfw1q2sw75f/gradle-5.6.4/lib/asm-tree-7.1.jar
7f7648b59000-7f7648b5b000 r--s 00010000 08:02 6424637                    /home/karan/.gradle/wrapper/dists/gradle-5.6.4-all/ankdp27end7byghfw1q2sw75f/gradle-5.6.4/lib/asm-commons-7.1.jar
7f7648b5b000-7f7648b5f000 r--s 00010000 08:02 6424622                    /home/karan/.gradle/wrapper/dists/gradle-5.6.4-all/ankdp27end7byghfw1q2sw75f/gradle-5.6.4/lib/gradle-snapshots-5.6.4.jar
7f7648b5f000-7f7648b66000 r--s 00021000 08:02 6424665                    /home/karan/.gradle/wrapper/dists/gradle-5.6.4-all/ankdp27end7byghfw1q2sw75f/gradle-5.6.4/lib/kotlin-stdlib-common-1.3.41.jar
7f7648b66000-7f7648b68000 r--s 00003000 08:02 6424660                    /home/karan/.gradle/wrapper/dists/gradle-5.6.4-all/ankdp27end7byghfw1q2sw75f/gradle-5.6.4/lib/annotations-13.0.jar
7f7648b68000-7f7648b7c000 r--s 00128000 08:02 6424659                    /home/karan/.gradle/wrapper/dists/gradle-5.6.4-all/ankdp27end7byghfw1q2sw75f/gradle-5.6.4/lib/kotlin-stdlib-1.3.41.jar
7f7648b7c000-7f7648b93000 r--s 000d6000 08:02 6424606                    /home/karan/.gradle/wrapper/dists/gradle-5.6.4-all/ankdp27end7byghfw1q2sw75f/gradle-5.6.4/lib/gradle-model-core-5.6.4.jar
7f7648b93000-7f7648b98000 r--s 00015000 08:02 6424615                    /home/karan/.gradle/wrapper/dists/gradle-5.6.4-all/ankdp27end7byghfw1q2sw75f/gradle-5.6.4/lib/gradle-resources-5.6.4.jar
7f7648b98000-7f7648b9f000 r--s 00036000 08:02 6424610                    /home/karan/.gradle/wrapper/dists/gradle-5.6.4-all/ankdp27end7byghfw1q2sw75f/gradle-5.6.4/lib/gradle-persistent-cache-5.6.4.jar
7f7648b9f000-7f7648ba1000 r--s 00006000 08:02 6424618                    /home/karan/.gradle/wrapper/dists/gradle-5.6.4-all/ankdp27end7byghfw1q2sw75f/gradle-5.6.4/lib/gradle-base-services-groovy-5.6.4.jar
7f7648ba1000-7f7648ba2000 r--s 00000000 08:02 6424643                    /home/karan/.gradle/wrapper/dists/gradle-5.6.4-all/ankdp27end7byghfw1q2sw75f/gradle-5.6.4/lib/javax.inject-1.jar
7f7648ba2000-7f7648ba7000 r--s 0001f000 08:02 6424603                    /home/karan/.gradle/wrapper/dists/gradle-5.6.4-all/ankdp27end7byghfw1q2sw75f/gradle-5.6.4/lib/gradle-file-collections-5.6.4.jar
7f7648ba7000-7f7648ba9000 r--s 00006000 08:02 6424614                    /home/karan/.gradle/wrapper/dists/gradle-5.6.4-all/ankdp27end7byghfw1q2sw75f/gradle-5.6.4/lib/gradle-process-services-5.6.4.jar
7f7648ba9000-7f7648bab000 r--s 00004000 08:02 6424631                    /home/karan/.gradle/wrapper/dists/gradle-5.6.4-all/ankdp27end7byghfw1q2sw75f/gradle-5.6.4/lib/log4j-over-slf4j-1.7.25.jar
7f7648bab000-7f7648bad000 r--s 00000000 08:02 6424630                    /home/karan/.gradle/wrapper/dists/gradle-5.6.4-all/ankdp27end7byghfw1q2sw75f/gradle-5.6.4/lib/jul-to-slf4j-1.7.25.jar
7f7648bad000-7f7648baf000 r--s 00003000 08:02 6424632                    /home/karan/.gradle/wrapper/dists/gradle-5.6.4-all/ankdp27end7byghfw1q2sw75f/gradle-5.6.4/lib/jcl-over-slf4j-1.7.25.jar
7f7648baf000-7f7648bb7000 r--s 00038000 08:02 6424612                    /home/karan/.gradle/wrapper/dists/gradle-5.6.4-all/ankdp27end7byghfw1q2sw75f/gradle-5.6.4/lib/gradle-logging-5.6.4.jar
7f7648bb7000-7f7648bb9000 r--s 00004000 08:02 6424623                    /home/karan/.gradle/wrapper/dists/gradle-5.6.4-all/ankdp27end7byghfw1q2sw75f/gradle-5.6.4/lib/gradle-files-5.6.4.jar
7f7648bb9000-7f7648bba000 r--s 00004000 08:02 6424666                    /home/karan/.gradle/wrapper/dists/gradle-5.6.4-all/ankdp27end7byghfw1q2sw75f/gradle-5.6.4/lib/native-platform-freebsd-amd64-libcpp-0.18.jar
7f7648bba000-7f7648bbb000 r--s 00004000 08:02 6424667                    /home/karan/.gradle/wrapper/dists/gradle-5.6.4-all/ankdp27end7byghfw1q2sw75f/gradle-5.6.4/lib/native-platform-freebsd-amd64-libstdcpp-0.18.jar
7f7648bbb000-7f7648bbc000 r--s 00004000 08:02 6424668                    /home/karan/.gradle/wrapper/dists/gradle-5.6.4-all/ankdp27end7byghfw1q2sw75f/gradle-5.6.4/lib/native-platform-freebsd-i386-libcpp-0.18.jar
7f7648bbc000-7f7648bbd000 r--s 00004000 08:02 6424669                    /home/karan/.gradle/wrapper/dists/gradle-5.6.4-all/ankdp27end7byghfw1q2sw75f/gradle-5.6.4/lib/native-platform-freebsd-i386-libstdcpp-0.18.jar
7f7648bbd000-7f7648bbe000 r--s 00002000 08:02 6424670                    /home/karan/.gradle/wrapper/dists/gradle-5.6.4-all/ankdp27end7byghfw1q2sw75f/gradle-5.6.4/lib/native-platform-linux-aarch64-0.18.jar
7f7648bbe000-7f7648bbf000 r--s 00002000 08:02 6424671                    /home/karan/.gradle/wrapper/dists/gradle-5.6.4-all/ankdp27end7byghfw1q2sw75f/gradle-5.6.4/lib/native-platform-linux-amd64-0.18.jar
7f7648bbf000-7f7648bc0000 r--s 00002000 08:02 6424672                    /home/karan/.gradle/wrapper/dists/gradle-5.6.4-all/ankdp27end7byghfw1q2sw75f/gradle-5.6.4/lib/native-platform-linux-i386-0.18.jar
7f7648bc0000-7f7648bc1000 r--s 00003000 08:02 6424673                    /home/karan/.gradle/wrapper/dists/gradle-5.6.4-all/ankdp27end7byghfw1q2sw75f/gradle-5.6.4/lib/native-platform-osx-amd64-0.18.jar
7f7648bc1000-7f7648bc2000 r--s 00011000 08:02 6424674                    /home/karan/.gradle/wrapper/dists/gradle-5.6.4-all/ankdp27end7byghfw1q2sw75f/gradle-5.6.4/lib/native-platform-windows-amd64-0.18.jar
7f7648bc2000-7f7648bc4000 r--s 00010000 08:02 6424675                    /home/karan/.gradle/wrapper/dists/gradle-5.6.4-all/ankdp27end7byghfw1q2sw75f/gradle-5.6.4/lib/native-platform-windows-amd64-min-0.18.jar
7f7648bc4000-7f7648bc5000 r--s 0000f000 08:02 6424676                    /home/karan/.gradle/wrapper/dists/gradle-5.6.4-all/ankdp27end7byghfw1q2sw75f/gradle-5.6.4/lib/native-platform-windows-i386-0.18.jar
7f7648bc5000-7f7648bc6000 r--s 0000f000 08:02 6424677                    /home/karan/.gradle/wrapper/dists/gradle-5.6.4-all/ankdp27end7byghfw1q2sw75f/gradle-5.6.4/lib/native-platform-windows-i386-min-0.18.jar
7f7648bc6000-7f7648bc7000 r--s 00001000 08:02 6424678                    /home/karan/.gradle/wrapper/dists/gradle-5.6.4-all/ankdp27end7byghfw1q2sw75f/gradle-5.6.4/lib/native-platform-linux-aarch64-ncurses5-0.18.jar
7f7648bc7000-7f7648bc9000 r--s 00001000 08:02 6424679                    /home/karan/.gradle/wrapper/dists/gradle-5.6.4-all/ankdp27end7byghfw1q2sw75f/gradle-5.6.4/lib/native-platform-linux-amd64-ncurses5-0.18.jar
7f7648bc9000-7f7648bca000 r--s 00001000 08:02 6424680                    /home/karan/.gradle/wrapper/dists/gradle-5.6.4-all/ankdp27end7byghfw1q2sw75f/gradle-5.6.4/lib/native-platform-linux-amd64-ncurses6-0.18.jar
7f7648bca000-7f7648bcb000 r--s 00001000 08:02 6424681                    /home/karan/.gradle/wrapper/dists/gradle-5.6.4-all/ankdp27end7byghfw1q2sw75f/gradle-5.6.4/lib/native-platform-linux-i386-ncurses5-0.18.jar
7f7648bcb000-7f7648bcc000 r--s 00001000 08:02 6424682                    /home/karan/.gradle/wrapper/dists/gradle-5.6.4-all/ankdp27end7byghfw1q2sw75f/gradle-5.6.4/lib/native-platform-linux-i386-ncurses6-0.18.jar
7f7648bcc000-7f7648bd1000 r--s 0001a000 08:02 6424653                    /home/karan/.gradle/wrapper/dists/gradle-5.6.4-all/ankdp27end7byghfw1q2sw75f/gradle-5.6.4/lib/native-platform-0.18.jar
7f7648bd1000-7f7648bd5000 r--s 00042000 08:02 6424650                    /home/karan/.gradle/wrapper/dists/gradle-5.6.4-all/ankdp27end7byghfw1q2sw75f/gradle-5.6.4/lib/jansi-1.17.1.jar
7f7648bd5000-7f7648bd8000 r--s 0000c000 08:02 6424617                    /home/karan/.gradle/wrapper/dists/gradle-5.6.4-all/ankdp27end7byghfw1q2sw75f/gradle-5.6.4/lib/gradle-native-5.6.4.jar
7f7648bd8000-7f7648bda000 r--s 0000c000 08:02 6424654                    /home/karan/.gradle/wrapper/dists/gradle-5.6.4-all/ankdp27end7byghfw1q2sw75f/gradle-5.6.4/lib/objenesis-2.6.jar
7f7648bda000-7f7648bdc000 r--s 00000000 08:02 6424662                    /home/karan/.gradle/wrapper/dists/gradle-5.6.4-all/ankdp27end7byghfw1q2sw75f/gradle-5.6.4/lib/minlog-1.2.jar
7f7648bdc000-7f7648be2000 r--s 0004d000 08:02 6424652                    /home/karan/.gradle/wrapper/dists/gradle-5.6.4-all/ankdp27end7byghfw1q2sw75f/gradle-5.6.4/lib/kryo-2.24.0.jar
7f7648be2000-7f7648be5000 r--s 0001c000 08:02 6424649                    /home/karan/.gradle/wrapper/dists/gradle-5.6.4-all/ankdp27end7byghfw1q2sw75f/gradle-5.6.4/lib/fastutil-8.2.1-min.jar
7f7648be5000-7f7648bec000 r--s 0002f000 08:02 6424616                    /home/karan/.gradle/wrapper/dists/gradle-5.6.4-all/ankdp27end7byghfw1q2sw75f/gradle-5.6.4/lib/gradle-messaging-5.6.4.jar
7f7648bec000-7f7648bee000 r--s 00005000 08:02 6424621                    /home/karan/.gradle/wrapper/dists/gradle-5.6.4-all/ankdp27end7byghfw1q2sw75f/gradle-5.6.4/lib/gradle-cli-5.6.4.jar
7f7648bee000-7f7648bf0000 r--s 00003000 08:02 6424626                    /home/karan/.gradle/wrapper/dists/gradle-5.6.4-all/ankdp27end7byghfw1q2sw75f/gradle-5.6.4/lib/gradle-hashing-5.6.4.jar
7f7648bf0000-7f7648bf2000 r--s 00003000 08:02 6424651                    /home/karan/.gradle/wrapper/dists/gradle-5.6.4-all/ankdp27end7byghfw1q2sw75f/gradle-5.6.4/lib/jsr305-3.0.2.jar
7f7648bf2000-7f7648c22000 r--s 0024c000 08:02 6424634                    /home/karan/.gradle/wrapper/dists/gradle-5.6.4-all/ankdp27end7byghfw1q2sw75f/gradle-5.6.4/lib/guava-27.1-android.jar
7f7648c22000-7f7648ca0000 r--s 00759000 08:02 6424629                    /home/karan/.gradle/wrapper/dists/gradle-5.6.4-all/ankdp27end7byghfw1q2sw75f/gradle-5.6.4/lib/groovy-all-1.3-2.5.4.jar
7f7648ca0000-7f7648cbf000 r--s 001db000 08:02 6424641                    /home/karan/.gradle/wrapper/dists/gradle-5.6.4-all/ankdp27end7byghfw1q2sw75f/gradle-5.6.4/lib/ant-1.9.14.jar
7f7648cbf000-7f7648cfd000 r--s 0020d000 08:02 6424602                    /home/karan/.gradle/wrapper/dists/gradle-5.6.4-all/ankdp27end7byghfw1q2sw75f/gradle-5.6.4/lib/gradle-core-5.6.4.jar
7f7648cfd000-7f7648cfe000 ---p 00000000 00:00 0 
7f7648cfe000-7f7648dfe000 rw-p 00000000 00:00 0 
7f7648dfe000-7f7648e01000 ---p 00000000 00:00 0 
7f7648e01000-7f7648eff000 rw-p 00000000 00:00 0 
7f7648eff000-7f7648f02000 ---p 00000000 00:00 0 
7f7648f02000-7f7649000000 rw-p 00000000 00:00 0 
7f7649000000-7f7649900000 rwxp 00000000 00:00 0 
7f7649900000-7f7658000000 ---p 00000000 00:00 0 
7f7658000000-7f765926d000 rw-p 00000000 00:00 0 
7f765926d000-7f765c000000 ---p 00000000 00:00 0 
7f765c000000-7f765c001000 r--s 00003000 08:02 6424620                    /home/karan/.gradle/wrapper/dists/gradle-5.6.4-all/ankdp27end7byghfw1q2sw75f/gradle-5.6.4/lib/gradle-build-option-5.6.4.jar
7f765c001000-7f765c003000 r--s 00000000 08:02 6424664                    /home/karan/.gradle/wrapper/dists/gradle-5.6.4-all/ankdp27end7byghfw1q2sw75f/gradle-5.6.4/lib/failureaccess-1.0.1.jar
7f765c003000-7f765c008000 r--s 00041000 08:02 6424636                    /home/karan/.gradle/wrapper/dists/gradle-5.6.4-all/ankdp27end7byghfw1q2sw75f/gradle-5.6.4/lib/commons-lang-2.6.jar
7f765c008000-7f765c00c000 r--s 00031000 08:02 6424635                    /home/karan/.gradle/wrapper/dists/gradle-5.6.4-all/ankdp27end7byghfw1q2sw75f/gradle-5.6.4/lib/commons-io-2.6.jar
7f765c00c000-7f765c01a000 r--s 00043000 08:02 6424609                    /home/karan/.gradle/wrapper/dists/gradle-5.6.4-all/ankdp27end7byghfw1q2sw75f/gradle-5.6.4/lib/gradle-core-api-5.6.4.jar
7f765c01a000-7f765c027000 r--s 00064000 08:02 6424619                    /home/karan/.gradle/wrapper/dists/gradle-5.6.4-all/ankdp27end7byghfw1q2sw75f/gradle-5.6.4/lib/gradle-base-services-5.6.4.jar
7f765c027000-7f765c02a000 ---p 00000000 00:00 0 
7f765c02a000-7f765c128000 rw-p 00000000 00:00 0 
7f765c128000-7f765c12b000 ---p 00000000 00:00 0 
7f765c12b000-7f765c229000 rw-p 00000000 00:00 0 
7f765c229000-7f765c22c000 ---p 00000000 00:00 0 
7f765c22c000-7f765c32a000 rw-p 00000000 00:00 0 
7f765c32a000-7f765c602000 r--p 00000000 08:02 13769574                   /usr/lib/locale/locale-archive
7f765c602000-7f765c605000 ---p 00000000 00:00 0 
7f765c605000-7f765c703000 rw-p 00000000 00:00 0 
7f765c703000-7f765c706000 ---p 00000000 00:00 0 
7f765c706000-7f765c804000 rw-p 00000000 00:00 0 
7f765c804000-7f765c805000 ---p 00000000 00:00 0 
7f765c805000-7f765d8e6000 rw-p 00000000 00:00 0 
7f765d8e6000-7f765dab9000 r--s 03cb1000 08:02 25823071                   /home/karan/android-studio/jre/jre/lib/rt.jar
7f765dab9000-7f765e68a000 rw-p 00000000 00:00 0 
7f765e68a000-7f765e68b000 ---p 00000000 00:00 0 
7f765e68b000-7f765e78b000 rw-p 00000000 00:00 0 
7f765e78b000-7f765e78c000 ---p 00000000 00:00 0 
7f765e78c000-7f765e88c000 rw-p 00000000 00:00 0 
7f765e88c000-7f765e88d000 ---p 00000000 00:00 0 
7f765e88d000-7f765e98d000 rw-p 00000000 00:00 0 
7f765e98d000-7f765e98e000 ---p 00000000 00:00 0 
7f765e98e000-7f765eab1000 rw-p 00000000 00:00 0 
7f765eab1000-7f765ec8e000 ---p 00000000 00:00 0 
7f765ec8e000-7f765ecb1000 rw-p 00000000 00:00 0 
7f765ecb1000-7f765ee8e000 ---p 00000000 00:00 0 
7f765ee8e000-7f765eed1000 rw-p 00000000 00:00 0 
7f765eed1000-7f765ef8e000 ---p 00000000 00:00 0 
7f765ef8e000-7f765efb3000 rw-p 00000000 00:00 0 
7f765efb3000-7f765f34f000 ---p 00000000 00:00 0 
7f765f34f000-7f765f35a000 r-xp 00000000 08:02 25034846                   /lib/x86_64-linux-gnu/libnss_files-2.23.so
7f765f35a000-7f765f559000 ---p 0000b000 08:02 25034846                   /lib/x86_64-linux-gnu/libnss_files-2.23.so
7f765f559000-7f765f55a000 r--p 0000a000 08:02 25034846                   /lib/x86_64-linux-gnu/libnss_files-2.23.so
7f765f55a000-7f765f55b000 rw-p 0000b000 08:02 25034846                   /lib/x86_64-linux-gnu/libnss_files-2.23.so
7f765f55b000-7f765f561000 rw-p 00000000 00:00 0 
7f765f561000-7f765f56c000 r-xp 00000000 08:02 25034839                   /lib/x86_64-linux-gnu/libnss_nis-2.23.so
7f765f56c000-7f765f76b000 ---p 0000b000 08:02 25034839                   /lib/x86_64-linux-gnu/libnss_nis-2.23.so
7f765f76b000-7f765f76c000 r--p 0000a000 08:02 25034839                   /lib/x86_64-linux-gnu/libnss_nis-2.23.so
7f765f76c000-7f765f76d000 rw-p 0000b000 08:02 25034839                   /lib/x86_64-linux-gnu/libnss_nis-2.23.so
7f765f76d000-7f765f783000 r-xp 00000000 08:02 25034844                   /lib/x86_64-linux-gnu/libnsl-2.23.so
7f765f783000-7f765f982000 ---p 00016000 08:02 25034844                   /lib/x86_64-linux-gnu/libnsl-2.23.so
7f765f982000-7f765f983000 r--p 00015000 08:02 25034844                   /lib/x86_64-linux-gnu/libnsl-2.23.so
7f765f983000-7f765f984000 rw-p 00016000 08:02 25034844                   /lib/x86_64-linux-gnu/libnsl-2.23.so
7f765f984000-7f765f986000 rw-p 00000000 00:00 0 
7f765f986000-7f765f98e000 r-xp 00000000 08:02 25039318                   /lib/x86_64-linux-gnu/libnss_compat-2.23.so
7f765f98e000-7f765fb8d000 ---p 00008000 08:02 25039318                   /lib/x86_64-linux-gnu/libnss_compat-2.23.so
7f765fb8d000-7f765fb8e000 r--p 00007000 08:02 25039318                   /lib/x86_64-linux-gnu/libnss_compat-2.23.so
7f765fb8e000-7f765fb8f000 rw-p 00008000 08:02 25039318                   /lib/x86_64-linux-gnu/libnss_compat-2.23.so
7f765fb8f000-7f765fb96000 r-xp 00000000 08:02 25034769                   /lib/x86_64-linux-gnu/librt-2.23.so
7f765fb96000-7f765fd95000 ---p 00007000 08:02 25034769                   /lib/x86_64-linux-gnu/librt-2.23.so
7f765fd95000-7f765fd96000 r--p 00006000 08:02 25034769                   /lib/x86_64-linux-gnu/librt-2.23.so
7f765fd96000-7f765fd97000 rw-p 00007000 08:02 25034769                   /lib/x86_64-linux-gnu/librt-2.23.so
7f765fd97000-7f765fe9f000 r-xp 00000000 08:02 25039438                   /lib/x86_64-linux-gnu/libm-2.23.so
7f765fe9f000-7f766009e000 ---p 00108000 08:02 25039438                   /lib/x86_64-linux-gnu/libm-2.23.so
7f766009e000-7f766009f000 r--p 00107000 08:02 25039438                   /lib/x86_64-linux-gnu/libm-2.23.so
7f766009f000-7f76600a0000 rw-p 00108000 08:02 25039438                   /lib/x86_64-linux-gnu/libm-2.23.so
7f76600a0000-7f7660cc7000 r-xp 00000000 08:02 25822279                   /home/karan/android-studio/jre/jre/lib/amd64/server/libjvm.so
7f7660cc7000-7f7660d6f000 r--p 00c26000 08:02 25822279                   /home/karan/android-studio/jre/jre/lib/amd64/server/libjvm.so
7f7660d6f000-7f7660d98000 rw-p 00cce000 08:02 25822279                   /home/karan/android-studio/jre/jre/lib/amd64/server/libjvm.so
7f7660d98000-7f7660ddc000 rw-p 00000000 00:00 0 
7f7660ddc000-7f7660f9c000 r-xp 00000000 08:02 25034849                   /lib/x86_64-linux-gnu/libc-2.23.so
7f7660f9c000-7f766119c000 ---p 001c0000 08:02 25034849                   /lib/x86_64-linux-gnu/libc-2.23.so
7f766119c000-7f76611a0000 r--p 001c0000 08:02 25034849                   /lib/x86_64-linux-gnu/libc-2.23.so
7f76611a0000-7f76611a2000 rw-p 001c4000 08:02 25034849                   /lib/x86_64-linux-gnu/libc-2.23.so
7f76611a2000-7f76611a6000 rw-p 00000000 00:00 0 
7f76611a6000-7f76611a9000 r-xp 00000000 08:02 25034834                   /lib/x86_64-linux-gnu/libdl-2.23.so
7f76611a9000-7f76613a8000 ---p 00003000 08:02 25034834                   /lib/x86_64-linux-gnu/libdl-2.23.so
7f76613a8000-7f76613a9000 r--p 00002000 08:02 25034834                   /lib/x86_64-linux-gnu/libdl-2.23.so
7f76613a9000-7f76613aa000 rw-p 00003000 08:02 25034834                   /lib/x86_64-linux-gnu/libdl-2.23.so
7f76613aa000-7f76613c2000 r-xp 00000000 08:02 25034836                   /lib/x86_64-linux-gnu/libpthread-2.23.so
7f76613c2000-7f76615c1000 ---p 00018000 08:02 25034836                   /lib/x86_64-linux-gnu/libpthread-2.23.so
7f76615c1000-7f76615c2000 r--p 00017000 08:02 25034836                   /lib/x86_64-linux-gnu/libpthread-2.23.so
7f76615c2000-7f76615c3000 rw-p 00018000 08:02 25034836                   /lib/x86_64-linux-gnu/libpthread-2.23.so
7f76615c3000-7f76615c7000 rw-p 00000000 00:00 0 
7f76615c7000-7f76615ed000 r-xp 00000000 08:02 25034835                   /lib/x86_64-linux-gnu/ld-2.23.so
7f76615ed000-7f76615ef000 r--s 0001b000 08:02 6424640                    /home/karan/.gradle/wrapper/dists/gradle-5.6.4-all/ankdp27end7byghfw1q2sw75f/gradle-5.6.4/lib/asm-7.1.jar
7f76615ef000-7f76615f1000 r--s 00009000 08:02 6424633                    /home/karan/.gradle/wrapper/dists/gradle-5.6.4-all/ankdp27end7byghfw1q2sw75f/gradle-5.6.4/lib/slf4j-api-1.7.25.jar
7f76615f1000-7f76615fe000 r--s 0006c000 08:02 6424594                    /home/karan/.gradle/wrapper/dists/gradle-5.6.4-all/ankdp27end7byghfw1q2sw75f/gradle-5.6.4/lib/gradle-launcher-5.6.4.jar
7f76615fe000-7f7661665000 rw-p 00000000 00:00 0 
7f7661665000-7f7661680000 r-xp 00000000 08:02 25822210                   /home/karan/android-studio/jre/jre/lib/amd64/libzip.so
7f7661680000-7f7661681000 r--p 0001a000 08:02 25822210                   /home/karan/android-studio/jre/jre/lib/amd64/libzip.so
7f7661681000-7f7661682000 rw-p 0001b000 08:02 25822210                   /home/karan/android-studio/jre/jre/lib/amd64/libzip.so
7f7661682000-7f766168a000 rw-s 00000000 08:02 26476564                   /tmp/hsperfdata_karan/14309
7f766168a000-7f76616b5000 r-xp 00000000 08:02 25822264                   /home/karan/android-studio/jre/jre/lib/amd64/libjava.so
7f76616b5000-7f76616b6000 r--p 0002a000 08:02 25822264                   /home/karan/android-studio/jre/jre/lib/amd64/libjava.so
7f76616b6000-7f76616b8000 rw-p 0002b000 08:02 25822264                   /home/karan/android-studio/jre/jre/lib/amd64/libjava.so
7f76616b8000-7f76616bb000 ---p 00000000 00:00 0 
7f76616bb000-7f76617bd000 rw-p 00000000 00:00 0 
7f76617bd000-7f76617d3000 r-xp 00000000 08:02 25822065                   /home/karan/android-studio/jre/lib/amd64/jli/libjli.so
7f76617d3000-7f76617d4000 r--p 00015000 08:02 25822065                   /home/karan/android-studio/jre/lib/amd64/jli/libjli.so
7f76617d4000-7f76617d5000 rw-p 00016000 08:02 25822065                   /home/karan/android-studio/jre/lib/amd64/jli/libjli.so
7f76617d5000-7f76617d6000 rw-p 00000000 00:00 0 
7f76617d6000-7f76617d7000 r--s 00000000 08:02 6424627                    /home/karan/.gradle/wrapper/dists/gradle-5.6.4-all/ankdp27end7byghfw1q2sw75f/gradle-5.6.4/lib/gradle-pineapple-5.6.4.jar
7f76617d7000-7f76617d8000 r--s 00004000 08:02 6424661                    /home/karan/.gradle/wrapper/dists/gradle-5.6.4-all/ankdp27end7byghfw1q2sw75f/gradle-5.6.4/lib/ant-launcher-1.9.14.jar
7f76617d8000-7f76617da000 r--s 00001000 08:02 6424600                    /home/karan/.gradle/wrapper/dists/gradle-5.6.4-all/ankdp27end7byghfw1q2sw75f/gradle-5.6.4/lib/gradle-bootstrap-5.6.4.jar
7f76617da000-7f76617db000 rw-p 00000000 00:00 0 
7f76617db000-7f76617dc000 ---p 00000000 00:00 0 
7f76617dc000-7f76617e9000 r-xp 00000000 08:02 25822191                   /home/karan/android-studio/jre/jre/lib/amd64/libverify.so
7f76617e9000-7f76617eb000 r--p 0000c000 08:02 25822191                   /home/karan/android-studio/jre/jre/lib/amd64/libverify.so
7f76617eb000-7f76617ec000 rw-p 0000e000 08:02 25822191                   /home/karan/android-studio/jre/jre/lib/amd64/libverify.so
7f76617ec000-7f76617ed000 r--p 00025000 08:02 25034835                   /lib/x86_64-linux-gnu/ld-2.23.so
7f76617ed000-7f76617ee000 rw-p 00026000 08:02 25034835                   /lib/x86_64-linux-gnu/ld-2.23.so
7f76617ee000-7f76617ef000 rw-p 00000000 00:00 0 
7ffc8ccc7000-7ffc8cce8000 rw-p 00000000 00:00 0                          [stack]
7ffc8cd11000-7ffc8cd14000 r--p 00000000 00:00 0                          [vvar]
7ffc8cd14000-7ffc8cd16000 r-xp 00000000 00:00 0                          [vdso]
ffffffffff600000-ffffffffff601000 r-xp 00000000 00:00 0                  [vsyscall]

VM Arguments:
jvm_args: -Xmx1536m -Dfile.encoding=UTF-8 -Duser.country=IN -Duser.language=en -Duser.variant 
java_command: org.gradle.launcher.daemon.bootstrap.GradleDaemon 5.6.4
java_class_path (initial): /home/karan/.gradle/wrapper/dists/gradle-5.6.4-all/ankdp27end7byghfw1q2sw75f/gradle-5.6.4/lib/gradle-launcher-5.6.4.jar
Launcher Type: SUN_STANDARD

Environment Variables:
PATH=/home/karan/bin:/home/karan/.local/bin:/usr/local/sbin:/usr/local/bin:/usr/sbin:/usr/bin:/sbin:/bin:/usr/games:/usr/local/games:/snap/bin
SHELL=/bin/bash
DISPLAY=:0

Signal Handlers:
SIGSEGV: [libjvm.so+0xa0bf30], sa_mask[0]=11111111011111111101111111111110, sa_flags=SA_RESTART|SA_SIGINFO
SIGBUS: [libjvm.so+0xa0bf30], sa_mask[0]=11111111011111111101111111111110, sa_flags=SA_RESTART|SA_SIGINFO
SIGFPE: [libjvm.so+0x86d4c0], sa_mask[0]=11111111011111111101111111111110, sa_flags=SA_RESTART|SA_SIGINFO
SIGPIPE: [libjvm.so+0x86d4c0], sa_mask[0]=11111111011111111101111111111110, sa_flags=SA_RESTART|SA_SIGINFO
SIGXFSZ: [libjvm.so+0x86d4c0], sa_mask[0]=11111111011111111101111111111110, sa_flags=SA_RESTART|SA_SIGINFO
SIGILL: [libjvm.so+0x86d4c0], sa_mask[0]=11111111011111111101111111111110, sa_flags=SA_RESTART|SA_SIGINFO
SIGUSR1: SIG_DFL, sa_mask[0]=00000000000000000000000000000000, sa_flags=none
SIGUSR2: [libjvm.so+0x86d390], sa_mask[0]=00100000000000000000000000000000, sa_flags=SA_RESTART|SA_SIGINFO
SIGHUP: [libjvm.so+0x86d580], sa_mask[0]=11111111011111111101111111111110, sa_flags=SA_RESTART|SA_SIGINFO
SIGINT: [libjvm.so+0x86d580], sa_mask[0]=11111111011111111101111111111110, sa_flags=SA_RESTART|SA_SIGINFO
SIGTERM: [libjvm.so+0x86d580], sa_mask[0]=11111111011111111101111111111110, sa_flags=SA_RESTART|SA_SIGINFO
SIGQUIT: [libjvm.so+0x86d580], sa_mask[0]=11111111011111111101111111111110, sa_flags=SA_RESTART|SA_SIGINFO


---------------  S Y S T E M  ---------------

OS:DISTRIB_ID=Ubuntu
DISTRIB_RELEASE=16.04
DISTRIB_CODENAME=xenial
DISTRIB_DESCRIPTION="Ubuntu 16.04.6 LTS"

uname:Linux 4.15.0-29-generic #31~16.04.1-Ubuntu SMP Wed Jul 18 08:54:04 UTC 2018 x86_64
libc:glibc 2.23 NPTL 2.23 
rlimit: STACK 8192k, CORE 0k, NPROC 30984, NOFILE 1048576, AS infinity
load average:8.93 3.05 2.11

/proc/meminfo:
MemTotal:        8031448 kB
MemFree:          105252 kB
MemAvailable:       8256 kB
Buffers:             384 kB
Cached:           488836 kB
SwapCached:         5328 kB
Active:          6755444 kB
Inactive:         858424 kB
Active(anon):    6743432 kB
Inactive(anon):   842968 kB
Active(file):      12012 kB
Inactive(file):    15456 kB
Unevictable:         112 kB
Mlocked:             112 kB
SwapTotal:       1000444 kB
SwapFree:              0 kB
Dirty:                32 kB
Writeback:            16 kB
AnonPages:       7120932 kB
Mapped:           309628 kB
Shmem:            461088 kB
Slab:             121484 kB
SReclaimable:      55600 kB
SUnreclaim:        65884 kB
KernelStack:       15328 kB
PageTables:        81604 kB
NFS_Unstable:          0 kB
Bounce:                0 kB
WritebackTmp:          0 kB
CommitLimit:     5016168 kB
Committed_AS:   15521080 kB
VmallocTotal:   34359738367 kB
VmallocUsed:           0 kB
VmallocChunk:          0 kB
HardwareCorrupted:     0 kB
AnonHugePages:         0 kB
ShmemHugePages:        0 kB
ShmemPmdMapped:        0 kB
CmaTotal:              0 kB
CmaFree:               0 kB
HugePages_Total:       0
HugePages_Free:        0
HugePages_Rsvd:        0
HugePages_Surp:        0
Hugepagesize:       2048 kB
DirectMap4k:      260656 kB
DirectMap2M:     7991296 kB
DirectMap1G:     1048576 kB

container (cgroup) information:
container_type: cgroupv1
cpu_cpuset_cpus: 0-3
cpu_memory_nodes: 0
active_processor_count: 4
cpu_quota: -1
cpu_period: 100000
cpu_shares: -1
memory_limit_in_bytes: -1
memory_and_swap_limit_in_bytes: -2
memory_soft_limit_in_bytes: -1
memory_usage_in_bytes: 7797403648
memory_max_usage_in_bytes: 0


CPU:total 4 (initial active 4) (2 cores per cpu, 2 threads per core) family 6 model 78 stepping 3, cmov, cx8, fxsr, mmx, sse, sse2, sse3, ssse3, sse4.1, sse4.2, popcnt, avx, avx2, aes, clmul, erms, 3dnowpref, lzcnt, ht, tsc, tscinvbit, bmi1, bmi2, adx

/proc/cpuinfo:
processor	: 0
vendor_id	: GenuineIntel
cpu family	: 6
model		: 78
model name	: Intel(R) Core(TM) i3-6006U CPU @ 2.00GHz
stepping	: 3
microcode	: 0xd6
cpu MHz		: 1999.989
cache size	: 3072 KB
physical id	: 0
siblings	: 4
core id		: 0
cpu cores	: 2
apicid		: 0
initial apicid	: 0
fpu		: yes
fpu_exception	: yes
cpuid level	: 22
wp		: yes
flags		: fpu vme de pse tsc msr pae mce cx8 apic sep mtrr pge mca cmov pat pse36 clflush dts acpi mmx fxsr sse sse2 ss ht tm pbe syscall nx pdpe1gb rdtscp lm constant_tsc art arch_perfmon pebs bts rep_good nopl xtopology nonstop_tsc cpuid aperfmperf tsc_known_freq pni pclmulqdq dtes64 monitor ds_cpl vmx est tm2 ssse3 sdbg fma cx16 xtpr pdcm pcid sse4_1 sse4_2 x2apic movbe popcnt tsc_deadline_timer aes xsave avx f16c rdrand lahf_lm abm 3dnowprefetch cpuid_fault epb invpcid_single pti ssbd ibrs ibpb stibp tpr_shadow vnmi flexpriority ept vpid fsgsbase tsc_adjust bmi1 avx2 smep bmi2 erms invpcid mpx rdseed adx smap clflushopt intel_pt xsaveopt xsavec xgetbv1 xsaves dtherm arat pln pts hwp hwp_notify hwp_act_window hwp_epp
bugs		: cpu_meltdown spectre_v1 spectre_v2 spec_store_bypass
bogomips	: 3984.00
clflush size	: 64
cache_alignment	: 64
address sizes	: 39 bits physical, 48 bits virtual
power management:

processor	: 1
vendor_id	: GenuineIntel
cpu family	: 6
model		: 78
model name	: Intel(R) Core(TM) i3-6006U CPU @ 2.00GHz
stepping	: 3
microcode	: 0xd6
cpu MHz		: 2000.000
cache size	: 3072 KB
physical id	: 0
siblings	: 4
core id		: 1
cpu cores	: 2
apicid		: 2
initial apicid	: 2
fpu		: yes
fpu_exception	: yes
cpuid level	: 22
wp		: yes
flags		: fpu vme de pse tsc msr pae mce cx8 apic sep mtrr pge mca cmov pat pse36 clflush dts acpi mmx fxsr sse sse2 ss ht tm pbe syscall nx pdpe1gb rdtscp lm constant_tsc art arch_perfmon pebs bts rep_good nopl xtopology nonstop_tsc cpuid aperfmperf tsc_known_freq pni pclmulqdq dtes64 monitor ds_cpl vmx est tm2 ssse3 sdbg fma cx16 xtpr pdcm pcid sse4_1 sse4_2 x2apic movbe popcnt tsc_deadline_timer aes xsave avx f16c rdrand lahf_lm abm 3dnowprefetch cpuid_fault epb invpcid_single pti ssbd ibrs ibpb stibp tpr_shadow vnmi flexpriority ept vpid fsgsbase tsc_adjust bmi1 avx2 smep bmi2 erms invpcid mpx rdseed adx smap clflushopt intel_pt xsaveopt xsavec xgetbv1 xsaves dtherm arat pln pts hwp hwp_notify hwp_act_window hwp_epp
bugs		: cpu_meltdown spectre_v1 spectre_v2 spec_store_bypass
bogomips	: 3984.00
clflush size	: 64
cache_alignment	: 64
address sizes	: 39 bits physical, 48 bits virtual
power management:

processor	: 2
vendor_id	: GenuineIntel
cpu family	: 6
model		: 78
model name	: Intel(R) Core(TM) i3-6006U CPU @ 2.00GHz
stepping	: 3
microcode	: 0xd6
cpu MHz		: 1999.998
cache size	: 3072 KB
physical id	: 0
siblings	: 4
core id		: 0
cpu cores	: 2
apicid		: 1
initial apicid	: 1
fpu		: yes
fpu_exception	: yes
cpuid level	: 22
wp		: yes
flags		: fpu vme de pse tsc msr pae mce cx8 apic sep mtrr pge mca cmov pat pse36 clflush dts acpi mmx fxsr sse sse2 ss ht tm pbe syscall nx pdpe1gb rdtscp lm constant_tsc art arch_perfmon pebs bts rep_good nopl xtopology nonstop_tsc cpuid aperfmperf tsc_known_freq pni pclmulqdq dtes64 monitor ds_cpl vmx est tm2 ssse3 sdbg fma cx16 xtpr pdcm pcid sse4_1 sse4_2 x2apic movbe popcnt tsc_deadline_timer aes xsave avx f16c rdrand lahf_lm abm 3dnowprefetch cpuid_fault epb invpcid_single pti ssbd ibrs ibpb stibp tpr_shadow vnmi flexpriority ept vpid fsgsbase tsc_adjust bmi1 avx2 smep bmi2 erms invpcid mpx rdseed adx smap clflushopt intel_pt xsaveopt xsavec xgetbv1 xsaves dtherm arat pln pts hwp hwp_notify hwp_act_window hwp_epp
bugs		: cpu_meltdown spectre_v1 spectre_v2 spec_store_bypass
bogomips	: 3984.00
clflush size	: 64
cache_alignment	: 64
address sizes	: 39 bits physical, 48 bits virtual
power management:

processor	: 3
vendor_id	: GenuineIntel
cpu family	: 6
model		: 78
model name	: Intel(R) Core(TM) i3-6006U CPU @ 2.00GHz
stepping	: 3
microcode	: 0xd6
cpu MHz		: 2000.004
cache size	: 3072 KB
physical id	: 0
siblings	: 4
core id		: 1
cpu cores	: 2
apicid		: 3
initial apicid	: 3
fpu		: yes
fpu_exception	: yes
cpuid level	: 22
wp		: yes
flags		: fpu vme de pse tsc msr pae mce cx8 apic sep mtrr pge mca cmov pat pse36 clflush dts acpi mmx fxsr sse sse2 ss ht tm pbe syscall nx pdpe1gb rdtscp lm constant_tsc art arch_perfmon pebs bts rep_good nopl xtopology nonstop_tsc cpuid aperfmperf tsc_known_freq pni pclmulqdq dtes64 monitor ds_cpl vmx est tm2 ssse3 sdbg fma cx16 xtpr pdcm pcid sse4_1 sse4_2 x2apic movbe popcnt tsc_deadline_timer aes xsave avx f16c rdrand lahf_lm abm 3dnowprefetch cpuid_fault epb invpcid_single pti ssbd ibrs ibpb stibp tpr_shadow vnmi flexpriority ept vpid fsgsbase tsc_adjust bmi1 avx2 smep bmi2 erms invpcid mpx rdseed adx smap clflushopt intel_pt xsaveopt xsavec xgetbv1 xsaves dtherm arat pln pts hwp hwp_notify hwp_act_window hwp_epp
bugs		: cpu_meltdown spectre_v1 spectre_v2 spec_store_bypass
bogomips	: 3984.00
clflush size	: 64
cache_alignment	: 64
address sizes	: 39 bits physical, 48 bits virtual
power management:



Memory: 4k page, physical 8031448k(105224k free), swap 1000444k(0k free)

vm_info: OpenJDK 64-Bit Server VM (25.212-b4-5784211) for linux-amd64 JRE (1.8.0_212-release-1586-b4-5784211), built by "android-build" with gcc 4.8

time: Mon Mar 23 16:47:17 2020
timezone: IST
elapsed time: 18 seconds (0d 0h 0m 18s)

